<?xml version="1.0" encoding="UTF-8"?>
<!-- Generated by org.testng.reporters.JUnitReportReporter -->
<testsuite hostname="sidcluc349" failures="0" tests="1" name="annotations.Test_annotation_class" time="0.075" errors="0" timestamp="2020-12-14T13:24:04 IST" skipped="0">
  <testcase classname="annotations.Test_annotation_class" name="testMethod2" time="0.075"/>
  <system-out/>
</testsuite> <!-- annotations.Test_annotation_class -->
