<?xml version="1.0" encoding="UTF-8"?>
<!-- Generated by org.testng.reporters.JUnitReportReporter -->
<testsuite hostname="sidcluc349" failures="0" tests="1" name="assertions.Asser_Test1" time="0.025" errors="0" timestamp="2020-12-14T19:11:28 IST" skipped="0">
  <testcase classname="assertions.Asser_Test1" name="testNumber" time="0.025"/>
  <system-out/>
</testsuite> <!-- assertions.Asser_Test1 -->
