<?xml version="1.0" encoding="UTF-8"?>
<!-- Generated by org.testng.reporters.JUnitReportReporter -->
<testsuite hostname="sidcluc349" failures="0" tests="4" name="testsuite1.BeforeClass2" time="0.031" errors="0" timestamp="2020-12-14T16:33:43 IST" skipped="0">
  <testcase classname="testsuite1.BeforeClass2" name="testMethod3" time="0.008"/>
  <system-out/>
  <testcase classname="testsuite1.BeforeClass2" name="testMethod4" time="0.008"/>
  <system-out/>
  <testcase classname="testsuite1.BeforeClass2" name="testMethod3" time="0.013"/>
  <system-out/>
  <testcase classname="testsuite1.BeforeClass2" name="testMethod4" time="0.002"/>
  <system-out/>
</testsuite> <!-- testsuite1.BeforeClass2 -->
