<?xml version="1.0" encoding="UTF-8"?>
<!-- Generated by org.testng.reporters.JUnitReportReporter -->
<testsuite hostname="sidcluc349" failures="0" tests="3" name="otherFeatures.Priority" time="0.023" errors="0" timestamp="2020-12-16T10:40:57 IST" skipped="0">
  <testcase classname="otherFeatures.Priority" name="test3" time="0.017"/>
  <system-out/>
  <testcase classname="otherFeatures.Priority" name="test1" time="0.004"/>
  <system-out/>
  <testcase classname="otherFeatures.Priority" name="test2" time="0.002"/>
  <system-out/>
</testsuite> <!-- otherFeatures.Priority -->
