<?xml version="1.0" encoding="UTF-8"?>
<!-- Generated by org.testng.reporters.JUnitReportReporter -->
<testsuite hostname="sidcluc349" failures="0" tests="1" name="annotations.Test_annotation" time="0.021" errors="0" timestamp="2020-12-14T13:21:13 IST" skipped="0">
  <testcase classname="annotations.Test_annotation" name="testMethod1" time="0.021"/>
  <system-out/>
</testsuite> <!-- annotations.Test_annotation -->
