<?xml version="1.0" encoding="UTF-8"?>
<!-- Generated by org.testng.reporters.JUnitReportReporter -->
<testsuite hostname="sidcluc349" failures="0" tests="2" name="annotations.BeforeClassExample" time="0.015" errors="0" timestamp="2020-12-14T13:41:43 IST" skipped="0">
  <testcase classname="annotations.BeforeClassExample" name="testMethod2" time="0.004"/>
  <system-out/>
  <testcase classname="annotations.BeforeClassExample" name="testMethod1" time="0.011"/>
  <system-out/>
</testsuite> <!-- annotations.BeforeClassExample -->
