<?xml version="1.0" encoding="UTF-8"?>
<!-- Generated by org.testng.reporters.JUnitReportReporter -->
<testsuite hostname="sidcluc349" failures="0" tests="3" name="dataprovider.DataProviderExample" time="0.022" errors="0" timestamp="2020-12-16T17:22:45 IST" skipped="0">
  <testcase classname="dataprovider.DataProviderExample" name="calculate" time="0.004"/>
  <system-out/>
  <testcase classname="dataprovider.DataProviderExample" name="calculate" time="0.003"/>
  <system-out/>
  <testcase classname="dataprovider.DataProviderExample" name="calculate" time="0.015"/>
  <system-out/>
</testsuite> <!-- dataprovider.DataProviderExample -->
