<?xml version="1.0" encoding="UTF-8"?>
<!-- Generated by org.testng.reporters.JUnitReportReporter -->
<testsuite hostname="sidcluc349" failures="0" tests="2" name="annotations.BeforeClass2" time="0.004" errors="0" timestamp="2020-12-14T13:41:43 IST" skipped="0">
  <testcase classname="annotations.BeforeClass2" name="testMethod4" time="0.003"/>
  <system-out/>
  <testcase classname="annotations.BeforeClass2" name="testMethod3" time="0.001"/>
  <system-out/>
</testsuite> <!-- annotations.BeforeClass2 -->
