<?xml version="1.0" encoding="UTF-8"?>
<!-- Generated by org.testng.reporters.JUnitReportReporter -->
<testsuite hostname="sidcluc349" failures="0" tests="4" name="dataprovider.ParallelMethodTestExample" time="0.044" errors="0" timestamp="2020-12-17T19:54:45 IST" skipped="0">
  <testcase classname="dataprovider.ParallelMethodTestExample" name="test1" time="0.017"/>
  <system-out/>
  <testcase classname="dataprovider.ParallelMethodTestExample" name="test3" time="0.005"/>
  <system-out/>
  <testcase classname="dataprovider.ParallelMethodTestExample" name="test2" time="0.019"/>
  <system-out/>
  <testcase classname="dataprovider.ParallelMethodTestExample" name="test4" time="0.003"/>
  <system-out/>
</testsuite> <!-- dataprovider.ParallelMethodTestExample -->
