<?xml version="1.0" encoding="UTF-8"?>
<!-- Generated by org.testng.reporters.JUnitReportReporter -->
<testsuite hostname="sidcluc349" failures="0" tests="4" name="testsuite1.BeforeClassExample" time="0.021" errors="0" timestamp="2020-12-14T16:33:43 IST" skipped="0">
  <testcase classname="testsuite1.BeforeClassExample" name="testMethod1" time="0.011"/>
  <system-out/>
  <testcase classname="testsuite1.BeforeClassExample" name="testMethod1" time="0.004"/>
  <system-out/>
  <testcase classname="testsuite1.BeforeClassExample" name="testMethod2" time="0.004"/>
  <system-out/>
  <testcase classname="testsuite1.BeforeClassExample" name="testMethod2" time="0.002"/>
  <system-out/>
</testsuite> <!-- testsuite1.BeforeClassExample -->
