<?xml version="1.0" encoding="UTF-8"?>
<!-- Generated by org.testng.reporters.JUnitReportReporter -->
<testsuite hostname="sidcluc349" failures="0" tests="2" name="runner.Runner" time="43.775" errors="0" timestamp="2020-10-20T19:42:25 IST" skipped="0">
  <testcase classname="runner.Runner" name="runScenario" time="12.004"/>
  <system-out/>
  <testcase classname="runner.Runner" name="runScenario" time="31.771"/>
  <system-out/>
</testsuite> <!-- runner.Runner -->
