<?xml version="1.0" encoding="UTF-8"?>
<testsuite xmlns:xsi="http://www.w3.org/2001/XMLSchema-instance" xsi:noNamespaceSchemaLocation="https://maven.apache.org/surefire/maven-surefire-plugin/xsd/surefire-test-report-3.0.xsd" version="3.0" name="TestSuite" time="95.526" tests="2" errors="0" skipped="0" failures="0">
  <properties>
    <property name="sun.desktop" value="windows"/>
    <property name="awt.toolkit" value="sun.awt.windows.WToolkit"/>
    <property name="java.specification.version" value="11"/>
    <property name="sun.cpu.isalist" value="amd64"/>
    <property name="sun.jnu.encoding" value="Cp1252"/>
    <property name="java.class.path" value="D:\2.Learning_Paths\eclipse-workspace\testprojectAutomationTool\fittrapp\target\test-classes;D:\2.Learning_Paths\eclipse-workspace\testprojectAutomationTool\fittrapp\target\classes;C:\Users\akshay.s\.m2\repository\log4j\log4j\1.2.17\log4j-1.2.17.jar;C:\Users\akshay.s\.m2\repository\io\cucumber\cucumber-java\6.8.1\cucumber-java-6.8.1.jar;C:\Users\akshay.s\.m2\repository\io\cucumber\cucumber-core\6.8.1\cucumber-core-6.8.1.jar;C:\Users\akshay.s\.m2\repository\io\cucumber\cucumber-gherkin\6.8.1\cucumber-gherkin-6.8.1.jar;C:\Users\akshay.s\.m2\repository\io\cucumber\cucumber-gherkin-messages\6.8.1\cucumber-gherkin-messages-6.8.1.jar;C:\Users\akshay.s\.m2\repository\io\cucumber\messages\13.1.0\messages-13.1.0.jar;C:\Users\akshay.s\.m2\repository\io\cucumber\tag-expressions\3.0.0\tag-expressions-3.0.0.jar;C:\Users\akshay.s\.m2\repository\io\cucumber\cucumber-expressions\10.3.0\cucumber-expressions-10.3.0.jar;C:\Users\akshay.s\.m2\repository\io\cucumber\datatable\3.5.0\datatable-3.5.0.jar;C:\Users\akshay.s\.m2\repository\io\cucumber\cucumber-plugin\6.8.1\cucumber-plugin-6.8.1.jar;C:\Users\akshay.s\.m2\repository\io\cucumber\docstring\6.8.1\docstring-6.8.1.jar;C:\Users\akshay.s\.m2\repository\io\cucumber\html-formatter\9.0.0\html-formatter-9.0.0.jar;C:\Users\akshay.s\.m2\repository\io\cucumber\create-meta\2.0.2\create-meta-2.0.2.jar;C:\Users\akshay.s\.m2\repository\org\apiguardian\apiguardian-api\1.1.0\apiguardian-api-1.1.0.jar;C:\Users\akshay.s\.m2\repository\io\cucumber\cucumber-testng\6.8.1\cucumber-testng-6.8.1.jar;C:\Users\akshay.s\.m2\repository\org\testng\testng\7.3.0\testng-7.3.0.jar;C:\Users\akshay.s\.m2\repository\com\beust\jcommander\1.78\jcommander-1.78.jar;C:\Users\akshay.s\.m2\repository\org\apache\ant\ant\1.10.3\ant-1.10.3.jar;C:\Users\akshay.s\.m2\repository\org\apache\ant\ant-launcher\1.10.3\ant-launcher-1.10.3.jar;C:\Users\akshay.s\.m2\repository\junit\junit\4.12\junit-4.12.jar;C:\Users\akshay.s\.m2\repository\org\hamcrest\hamcrest-core\1.3\hamcrest-core-1.3.jar;C:\Users\akshay.s\.m2\repository\com\google\inject\guice\4.2.2\guice-4.2.2-no_aop.jar;C:\Users\akshay.s\.m2\repository\javax\inject\javax.inject\1\javax.inject-1.jar;C:\Users\akshay.s\.m2\repository\aopalliance\aopalliance\1.0\aopalliance-1.0.jar;C:\Users\akshay.s\.m2\repository\org\yaml\snakeyaml\1.21\snakeyaml-1.21.jar;C:\Users\akshay.s\.m2\repository\io\appium\java-client\7.3.0\java-client-7.3.0.jar;C:\Users\akshay.s\.m2\repository\org\seleniumhq\selenium\selenium-java\3.141.59\selenium-java-3.141.59.jar;C:\Users\akshay.s\.m2\repository\org\seleniumhq\selenium\selenium-chrome-driver\3.141.59\selenium-chrome-driver-3.141.59.jar;C:\Users\akshay.s\.m2\repository\org\seleniumhq\selenium\selenium-edge-driver\3.141.59\selenium-edge-driver-3.141.59.jar;C:\Users\akshay.s\.m2\repository\org\seleniumhq\selenium\selenium-firefox-driver\3.141.59\selenium-firefox-driver-3.141.59.jar;C:\Users\akshay.s\.m2\repository\org\seleniumhq\selenium\selenium-ie-driver\3.141.59\selenium-ie-driver-3.141.59.jar;C:\Users\akshay.s\.m2\repository\org\seleniumhq\selenium\selenium-opera-driver\3.141.59\selenium-opera-driver-3.141.59.jar;C:\Users\akshay.s\.m2\repository\org\seleniumhq\selenium\selenium-remote-driver\3.141.59\selenium-remote-driver-3.141.59.jar;C:\Users\akshay.s\.m2\repository\org\seleniumhq\selenium\selenium-safari-driver\3.141.59\selenium-safari-driver-3.141.59.jar;C:\Users\akshay.s\.m2\repository\net\bytebuddy\byte-buddy\1.8.15\byte-buddy-1.8.15.jar;C:\Users\akshay.s\.m2\repository\org\apache\commons\commons-exec\1.3\commons-exec-1.3.jar;C:\Users\akshay.s\.m2\repository\com\google\guava\guava\25.0-jre\guava-25.0-jre.jar;C:\Users\akshay.s\.m2\repository\com\google\code\findbugs\jsr305\1.3.9\jsr305-1.3.9.jar;C:\Users\akshay.s\.m2\repository\org\checkerframework\checker-compat-qual\2.0.0\checker-compat-qual-2.0.0.jar;C:\Users\akshay.s\.m2\repository\com\google\errorprone\error_prone_annotations\2.1.3\error_prone_annotations-2.1.3.jar;C:\Users\akshay.s\.m2\repository\com\google\j2objc\j2objc-annotations\1.1\j2objc-annotations-1.1.jar;C:\Users\akshay.s\.m2\repository\org\codehaus\mojo\animal-sniffer-annotations\1.14\animal-sniffer-annotations-1.14.jar;C:\Users\akshay.s\.m2\repository\com\squareup\okhttp3\okhttp\3.11.0\okhttp-3.11.0.jar;C:\Users\akshay.s\.m2\repository\com\squareup\okio\okio\1.14.0\okio-1.14.0.jar;C:\Users\akshay.s\.m2\repository\org\seleniumhq\selenium\selenium-support\3.141.59\selenium-support-3.141.59.jar;C:\Users\akshay.s\.m2\repository\org\seleniumhq\selenium\selenium-api\3.141.59\selenium-api-3.141.59.jar;C:\Users\akshay.s\.m2\repository\com\google\code\gson\gson\2.8.5\gson-2.8.5.jar;C:\Users\akshay.s\.m2\repository\org\apache\httpcomponents\httpclient\4.5.9\httpclient-4.5.9.jar;C:\Users\akshay.s\.m2\repository\org\apache\httpcomponents\httpcore\4.4.11\httpcore-4.4.11.jar;C:\Users\akshay.s\.m2\repository\commons-logging\commons-logging\1.2\commons-logging-1.2.jar;C:\Users\akshay.s\.m2\repository\commons-codec\commons-codec\1.11\commons-codec-1.11.jar;C:\Users\akshay.s\.m2\repository\cglib\cglib\3.2.12\cglib-3.2.12.jar;C:\Users\akshay.s\.m2\repository\org\ow2\asm\asm\7.1\asm-7.1.jar;C:\Users\akshay.s\.m2\repository\commons-validator\commons-validator\1.6\commons-validator-1.6.jar;C:\Users\akshay.s\.m2\repository\commons-beanutils\commons-beanutils\1.9.2\commons-beanutils-1.9.2.jar;C:\Users\akshay.s\.m2\repository\commons-digester\commons-digester\1.8.1\commons-digester-1.8.1.jar;C:\Users\akshay.s\.m2\repository\commons-collections\commons-collections\3.2.2\commons-collections-3.2.2.jar;C:\Users\akshay.s\.m2\repository\org\apache\commons\commons-lang3\3.9\commons-lang3-3.9.jar;C:\Users\akshay.s\.m2\repository\commons-io\commons-io\2.6\commons-io-2.6.jar;C:\Users\akshay.s\.m2\repository\org\springframework\spring-context\5.1.8.RELEASE\spring-context-5.1.8.RELEASE.jar;C:\Users\akshay.s\.m2\repository\org\springframework\spring-aop\5.1.8.RELEASE\spring-aop-5.1.8.RELEASE.jar;C:\Users\akshay.s\.m2\repository\org\springframework\spring-beans\5.1.8.RELEASE\spring-beans-5.1.8.RELEASE.jar;C:\Users\akshay.s\.m2\repository\org\springframework\spring-core\5.1.8.RELEASE\spring-core-5.1.8.RELEASE.jar;C:\Users\akshay.s\.m2\repository\org\springframework\spring-jcl\5.1.8.RELEASE\spring-jcl-5.1.8.RELEASE.jar;C:\Users\akshay.s\.m2\repository\org\springframework\spring-expression\5.1.8.RELEASE\spring-expression-5.1.8.RELEASE.jar;C:\Users\akshay.s\.m2\repository\org\aspectj\aspectjweaver\1.9.4\aspectjweaver-1.9.4.jar;C:\Users\akshay.s\.m2\repository\org\slf4j\slf4j-api\1.7.26\slf4j-api-1.7.26.jar;C:\Users\akshay.s\.m2\repository\net\masterthought\maven-cucumber-reporting\5.3.0\maven-cucumber-reporting-5.3.0.jar;C:\Users\akshay.s\.m2\repository\org\apache\maven\maven-plugin-api\3.6.3\maven-plugin-api-3.6.3.jar;C:\Users\akshay.s\.m2\repository\org\apache\maven\maven-model\3.6.3\maven-model-3.6.3.jar;C:\Users\akshay.s\.m2\repository\org\apache\maven\maven-artifact\3.6.3\maven-artifact-3.6.3.jar;C:\Users\akshay.s\.m2\repository\org\eclipse\sisu\org.eclipse.sisu.plexus\0.3.4\org.eclipse.sisu.plexus-0.3.4.jar;C:\Users\akshay.s\.m2\repository\javax\enterprise\cdi-api\1.0\cdi-api-1.0.jar;C:\Users\akshay.s\.m2\repository\javax\annotation\jsr250-api\1.0\jsr250-api-1.0.jar;C:\Users\akshay.s\.m2\repository\org\eclipse\sisu\org.eclipse.sisu.inject\0.3.4\org.eclipse.sisu.inject-0.3.4.jar;C:\Users\akshay.s\.m2\repository\org\codehaus\plexus\plexus-component-annotations\1.5.5\plexus-component-annotations-1.5.5.jar;C:\Users\akshay.s\.m2\repository\org\codehaus\plexus\plexus-utils\3.2.1\plexus-utils-3.2.1.jar;C:\Users\akshay.s\.m2\repository\org\codehaus\plexus\plexus-classworlds\2.6.0\plexus-classworlds-2.6.0.jar;C:\Users\akshay.s\.m2\repository\org\apache\maven\plugins\maven-gpg-plugin\1.6\maven-gpg-plugin-1.6.jar;C:\Users\akshay.s\.m2\repository\org\apache\maven\maven-project\2.2.1\maven-project-2.2.1.jar;C:\Users\akshay.s\.m2\repository\org\apache\maven\maven-settings\2.2.1\maven-settings-2.2.1.jar;C:\Users\akshay.s\.m2\repository\org\apache\maven\maven-profile\2.2.1\maven-profile-2.2.1.jar;C:\Users\akshay.s\.m2\repository\org\apache\maven\maven-artifact-manager\2.2.1\maven-artifact-manager-2.2.1.jar;C:\Users\akshay.s\.m2\repository\org\apache\maven\wagon\wagon-provider-api\1.0-beta-6\wagon-provider-api-1.0-beta-6.jar;C:\Users\akshay.s\.m2\repository\backport-util-concurrent\backport-util-concurrent\3.1\backport-util-concurrent-3.1.jar;C:\Users\akshay.s\.m2\repository\org\apache\maven\maven-plugin-registry\2.2.1\maven-plugin-registry-2.2.1.jar;C:\Users\akshay.s\.m2\repository\org\codehaus\plexus\plexus-interpolation\1.11\plexus-interpolation-1.11.jar;C:\Users\akshay.s\.m2\repository\org\codehaus\plexus\plexus-container-default\1.0-alpha-9-stable-1\plexus-container-default-1.0-alpha-9-stable-1.jar;C:\Users\akshay.s\.m2\repository\classworlds\classworlds\1.1-alpha-2\classworlds-1.1-alpha-2.jar;C:\Users\akshay.s\.m2\repository\org\apache\maven\maven-repository-metadata\2.2.1\maven-repository-metadata-2.2.1.jar;C:\Users\akshay.s\.m2\repository\org\sonatype\plexus\plexus-sec-dispatcher\1.4\plexus-sec-dispatcher-1.4.jar;C:\Users\akshay.s\.m2\repository\org\sonatype\plexus\plexus-cipher\1.4\plexus-cipher-1.4.jar;C:\Users\akshay.s\.m2\repository\net\masterthought\cucumber-reporting\5.3.0\cucumber-reporting-5.3.0.jar;C:\Users\akshay.s\.m2\repository\com\fasterxml\jackson\core\jackson-databind\2.10.1\jackson-databind-2.10.1.jar;C:\Users\akshay.s\.m2\repository\com\fasterxml\jackson\core\jackson-annotations\2.10.1\jackson-annotations-2.10.1.jar;C:\Users\akshay.s\.m2\repository\com\fasterxml\jackson\core\jackson-core\2.10.1\jackson-core-2.10.1.jar;C:\Users\akshay.s\.m2\repository\com\fasterxml\jackson\datatype\jackson-datatype-jsr310\2.10.1\jackson-datatype-jsr310-2.10.1.jar;C:\Users\akshay.s\.m2\repository\org\apache\velocity\velocity-engine-core\2.1\velocity-engine-core-2.1.jar;C:\Users\akshay.s\.m2\repository\joda-time\joda-time\2.10.5\joda-time-2.10.5.jar;C:\Users\akshay.s\.m2\repository\org\jsoup\jsoup\1.12.1\jsoup-1.12.1.jar;C:\Users\akshay.s\.m2\repository\com\googlecode\owasp-java-html-sanitizer\owasp-java-html-sanitizer\20191001.1\owasp-java-html-sanitizer-20191001.1.jar;C:\Users\akshay.s\.m2\repository\commons-configuration\commons-configuration\1.10\commons-configuration-1.10.jar;C:\Users\akshay.s\.m2\repository\commons-lang\commons-lang\2.6\commons-lang-2.6.jar;"/>
    <property name="java.vm.vendor" value="Oracle Corporation"/>
    <property name="sun.arch.data.model" value="64"/>
    <property name="user.variant" value=""/>
    <property name="java.vendor.url" value="https://openjdk.java.net/"/>
    <property name="user.timezone" value="Asia/Calcutta"/>
    <property name="java.vm.specification.version" value="11"/>
    <property name="os.name" value="Windows 10"/>
    <property name="sun.java.launcher" value="SUN_STANDARD"/>
    <property name="user.country" value="IN"/>
    <property name="sun.boot.library.path" value="C:\Program Files\Java\jdk-11.0.8\bin"/>
    <property name="sun.java.command" value="C:\Users\akshay.s\AppData\Local\Temp\surefire15976469467190761340\surefirebooter7755365806402093604.jar C:\Users\akshay.s\AppData\Local\Temp\surefire15976469467190761340 2020-10-22T15-53-46_361-jvmRun1 surefire11858711098257304086tmp surefire_05858866850381527034tmp"/>
    <property name="jdk.debug" value="release"/>
    <property name="surefire.test.class.path" value="D:\2.Learning_Paths\eclipse-workspace\testprojectAutomationTool\fittrapp\target\test-classes;D:\2.Learning_Paths\eclipse-workspace\testprojectAutomationTool\fittrapp\target\classes;C:\Users\akshay.s\.m2\repository\log4j\log4j\1.2.17\log4j-1.2.17.jar;C:\Users\akshay.s\.m2\repository\io\cucumber\cucumber-java\6.8.1\cucumber-java-6.8.1.jar;C:\Users\akshay.s\.m2\repository\io\cucumber\cucumber-core\6.8.1\cucumber-core-6.8.1.jar;C:\Users\akshay.s\.m2\repository\io\cucumber\cucumber-gherkin\6.8.1\cucumber-gherkin-6.8.1.jar;C:\Users\akshay.s\.m2\repository\io\cucumber\cucumber-gherkin-messages\6.8.1\cucumber-gherkin-messages-6.8.1.jar;C:\Users\akshay.s\.m2\repository\io\cucumber\messages\13.1.0\messages-13.1.0.jar;C:\Users\akshay.s\.m2\repository\io\cucumber\tag-expressions\3.0.0\tag-expressions-3.0.0.jar;C:\Users\akshay.s\.m2\repository\io\cucumber\cucumber-expressions\10.3.0\cucumber-expressions-10.3.0.jar;C:\Users\akshay.s\.m2\repository\io\cucumber\datatable\3.5.0\datatable-3.5.0.jar;C:\Users\akshay.s\.m2\repository\io\cucumber\cucumber-plugin\6.8.1\cucumber-plugin-6.8.1.jar;C:\Users\akshay.s\.m2\repository\io\cucumber\docstring\6.8.1\docstring-6.8.1.jar;C:\Users\akshay.s\.m2\repository\io\cucumber\html-formatter\9.0.0\html-formatter-9.0.0.jar;C:\Users\akshay.s\.m2\repository\io\cucumber\create-meta\2.0.2\create-meta-2.0.2.jar;C:\Users\akshay.s\.m2\repository\org\apiguardian\apiguardian-api\1.1.0\apiguardian-api-1.1.0.jar;C:\Users\akshay.s\.m2\repository\io\cucumber\cucumber-testng\6.8.1\cucumber-testng-6.8.1.jar;C:\Users\akshay.s\.m2\repository\org\testng\testng\7.3.0\testng-7.3.0.jar;C:\Users\akshay.s\.m2\repository\com\beust\jcommander\1.78\jcommander-1.78.jar;C:\Users\akshay.s\.m2\repository\org\apache\ant\ant\1.10.3\ant-1.10.3.jar;C:\Users\akshay.s\.m2\repository\org\apache\ant\ant-launcher\1.10.3\ant-launcher-1.10.3.jar;C:\Users\akshay.s\.m2\repository\junit\junit\4.12\junit-4.12.jar;C:\Users\akshay.s\.m2\repository\org\hamcrest\hamcrest-core\1.3\hamcrest-core-1.3.jar;C:\Users\akshay.s\.m2\repository\com\google\inject\guice\4.2.2\guice-4.2.2-no_aop.jar;C:\Users\akshay.s\.m2\repository\javax\inject\javax.inject\1\javax.inject-1.jar;C:\Users\akshay.s\.m2\repository\aopalliance\aopalliance\1.0\aopalliance-1.0.jar;C:\Users\akshay.s\.m2\repository\org\yaml\snakeyaml\1.21\snakeyaml-1.21.jar;C:\Users\akshay.s\.m2\repository\io\appium\java-client\7.3.0\java-client-7.3.0.jar;C:\Users\akshay.s\.m2\repository\org\seleniumhq\selenium\selenium-java\3.141.59\selenium-java-3.141.59.jar;C:\Users\akshay.s\.m2\repository\org\seleniumhq\selenium\selenium-chrome-driver\3.141.59\selenium-chrome-driver-3.141.59.jar;C:\Users\akshay.s\.m2\repository\org\seleniumhq\selenium\selenium-edge-driver\3.141.59\selenium-edge-driver-3.141.59.jar;C:\Users\akshay.s\.m2\repository\org\seleniumhq\selenium\selenium-firefox-driver\3.141.59\selenium-firefox-driver-3.141.59.jar;C:\Users\akshay.s\.m2\repository\org\seleniumhq\selenium\selenium-ie-driver\3.141.59\selenium-ie-driver-3.141.59.jar;C:\Users\akshay.s\.m2\repository\org\seleniumhq\selenium\selenium-opera-driver\3.141.59\selenium-opera-driver-3.141.59.jar;C:\Users\akshay.s\.m2\repository\org\seleniumhq\selenium\selenium-remote-driver\3.141.59\selenium-remote-driver-3.141.59.jar;C:\Users\akshay.s\.m2\repository\org\seleniumhq\selenium\selenium-safari-driver\3.141.59\selenium-safari-driver-3.141.59.jar;C:\Users\akshay.s\.m2\repository\net\bytebuddy\byte-buddy\1.8.15\byte-buddy-1.8.15.jar;C:\Users\akshay.s\.m2\repository\org\apache\commons\commons-exec\1.3\commons-exec-1.3.jar;C:\Users\akshay.s\.m2\repository\com\google\guava\guava\25.0-jre\guava-25.0-jre.jar;C:\Users\akshay.s\.m2\repository\com\google\code\findbugs\jsr305\1.3.9\jsr305-1.3.9.jar;C:\Users\akshay.s\.m2\repository\org\checkerframework\checker-compat-qual\2.0.0\checker-compat-qual-2.0.0.jar;C:\Users\akshay.s\.m2\repository\com\google\errorprone\error_prone_annotations\2.1.3\error_prone_annotations-2.1.3.jar;C:\Users\akshay.s\.m2\repository\com\google\j2objc\j2objc-annotations\1.1\j2objc-annotations-1.1.jar;C:\Users\akshay.s\.m2\repository\org\codehaus\mojo\animal-sniffer-annotations\1.14\animal-sniffer-annotations-1.14.jar;C:\Users\akshay.s\.m2\repository\com\squareup\okhttp3\okhttp\3.11.0\okhttp-3.11.0.jar;C:\Users\akshay.s\.m2\repository\com\squareup\okio\okio\1.14.0\okio-1.14.0.jar;C:\Users\akshay.s\.m2\repository\org\seleniumhq\selenium\selenium-support\3.141.59\selenium-support-3.141.59.jar;C:\Users\akshay.s\.m2\repository\org\seleniumhq\selenium\selenium-api\3.141.59\selenium-api-3.141.59.jar;C:\Users\akshay.s\.m2\repository\com\google\code\gson\gson\2.8.5\gson-2.8.5.jar;C:\Users\akshay.s\.m2\repository\org\apache\httpcomponents\httpclient\4.5.9\httpclient-4.5.9.jar;C:\Users\akshay.s\.m2\repository\org\apache\httpcomponents\httpcore\4.4.11\httpcore-4.4.11.jar;C:\Users\akshay.s\.m2\repository\commons-logging\commons-logging\1.2\commons-logging-1.2.jar;C:\Users\akshay.s\.m2\repository\commons-codec\commons-codec\1.11\commons-codec-1.11.jar;C:\Users\akshay.s\.m2\repository\cglib\cglib\3.2.12\cglib-3.2.12.jar;C:\Users\akshay.s\.m2\repository\org\ow2\asm\asm\7.1\asm-7.1.jar;C:\Users\akshay.s\.m2\repository\commons-validator\commons-validator\1.6\commons-validator-1.6.jar;C:\Users\akshay.s\.m2\repository\commons-beanutils\commons-beanutils\1.9.2\commons-beanutils-1.9.2.jar;C:\Users\akshay.s\.m2\repository\commons-digester\commons-digester\1.8.1\commons-digester-1.8.1.jar;C:\Users\akshay.s\.m2\repository\commons-collections\commons-collections\3.2.2\commons-collections-3.2.2.jar;C:\Users\akshay.s\.m2\repository\org\apache\commons\commons-lang3\3.9\commons-lang3-3.9.jar;C:\Users\akshay.s\.m2\repository\commons-io\commons-io\2.6\commons-io-2.6.jar;C:\Users\akshay.s\.m2\repository\org\springframework\spring-context\5.1.8.RELEASE\spring-context-5.1.8.RELEASE.jar;C:\Users\akshay.s\.m2\repository\org\springframework\spring-aop\5.1.8.RELEASE\spring-aop-5.1.8.RELEASE.jar;C:\Users\akshay.s\.m2\repository\org\springframework\spring-beans\5.1.8.RELEASE\spring-beans-5.1.8.RELEASE.jar;C:\Users\akshay.s\.m2\repository\org\springframework\spring-core\5.1.8.RELEASE\spring-core-5.1.8.RELEASE.jar;C:\Users\akshay.s\.m2\repository\org\springframework\spring-jcl\5.1.8.RELEASE\spring-jcl-5.1.8.RELEASE.jar;C:\Users\akshay.s\.m2\repository\org\springframework\spring-expression\5.1.8.RELEASE\spring-expression-5.1.8.RELEASE.jar;C:\Users\akshay.s\.m2\repository\org\aspectj\aspectjweaver\1.9.4\aspectjweaver-1.9.4.jar;C:\Users\akshay.s\.m2\repository\org\slf4j\slf4j-api\1.7.26\slf4j-api-1.7.26.jar;C:\Users\akshay.s\.m2\repository\net\masterthought\maven-cucumber-reporting\5.3.0\maven-cucumber-reporting-5.3.0.jar;C:\Users\akshay.s\.m2\repository\org\apache\maven\maven-plugin-api\3.6.3\maven-plugin-api-3.6.3.jar;C:\Users\akshay.s\.m2\repository\org\apache\maven\maven-model\3.6.3\maven-model-3.6.3.jar;C:\Users\akshay.s\.m2\repository\org\apache\maven\maven-artifact\3.6.3\maven-artifact-3.6.3.jar;C:\Users\akshay.s\.m2\repository\org\eclipse\sisu\org.eclipse.sisu.plexus\0.3.4\org.eclipse.sisu.plexus-0.3.4.jar;C:\Users\akshay.s\.m2\repository\javax\enterprise\cdi-api\1.0\cdi-api-1.0.jar;C:\Users\akshay.s\.m2\repository\javax\annotation\jsr250-api\1.0\jsr250-api-1.0.jar;C:\Users\akshay.s\.m2\repository\org\eclipse\sisu\org.eclipse.sisu.inject\0.3.4\org.eclipse.sisu.inject-0.3.4.jar;C:\Users\akshay.s\.m2\repository\org\codehaus\plexus\plexus-component-annotations\1.5.5\plexus-component-annotations-1.5.5.jar;C:\Users\akshay.s\.m2\repository\org\codehaus\plexus\plexus-utils\3.2.1\plexus-utils-3.2.1.jar;C:\Users\akshay.s\.m2\repository\org\codehaus\plexus\plexus-classworlds\2.6.0\plexus-classworlds-2.6.0.jar;C:\Users\akshay.s\.m2\repository\org\apache\maven\plugins\maven-gpg-plugin\1.6\maven-gpg-plugin-1.6.jar;C:\Users\akshay.s\.m2\repository\org\apache\maven\maven-project\2.2.1\maven-project-2.2.1.jar;C:\Users\akshay.s\.m2\repository\org\apache\maven\maven-settings\2.2.1\maven-settings-2.2.1.jar;C:\Users\akshay.s\.m2\repository\org\apache\maven\maven-profile\2.2.1\maven-profile-2.2.1.jar;C:\Users\akshay.s\.m2\repository\org\apache\maven\maven-artifact-manager\2.2.1\maven-artifact-manager-2.2.1.jar;C:\Users\akshay.s\.m2\repository\org\apache\maven\wagon\wagon-provider-api\1.0-beta-6\wagon-provider-api-1.0-beta-6.jar;C:\Users\akshay.s\.m2\repository\backport-util-concurrent\backport-util-concurrent\3.1\backport-util-concurrent-3.1.jar;C:\Users\akshay.s\.m2\repository\org\apache\maven\maven-plugin-registry\2.2.1\maven-plugin-registry-2.2.1.jar;C:\Users\akshay.s\.m2\repository\org\codehaus\plexus\plexus-interpolation\1.11\plexus-interpolation-1.11.jar;C:\Users\akshay.s\.m2\repository\org\codehaus\plexus\plexus-container-default\1.0-alpha-9-stable-1\plexus-container-default-1.0-alpha-9-stable-1.jar;C:\Users\akshay.s\.m2\repository\classworlds\classworlds\1.1-alpha-2\classworlds-1.1-alpha-2.jar;C:\Users\akshay.s\.m2\repository\org\apache\maven\maven-repository-metadata\2.2.1\maven-repository-metadata-2.2.1.jar;C:\Users\akshay.s\.m2\repository\org\sonatype\plexus\plexus-sec-dispatcher\1.4\plexus-sec-dispatcher-1.4.jar;C:\Users\akshay.s\.m2\repository\org\sonatype\plexus\plexus-cipher\1.4\plexus-cipher-1.4.jar;C:\Users\akshay.s\.m2\repository\net\masterthought\cucumber-reporting\5.3.0\cucumber-reporting-5.3.0.jar;C:\Users\akshay.s\.m2\repository\com\fasterxml\jackson\core\jackson-databind\2.10.1\jackson-databind-2.10.1.jar;C:\Users\akshay.s\.m2\repository\com\fasterxml\jackson\core\jackson-annotations\2.10.1\jackson-annotations-2.10.1.jar;C:\Users\akshay.s\.m2\repository\com\fasterxml\jackson\core\jackson-core\2.10.1\jackson-core-2.10.1.jar;C:\Users\akshay.s\.m2\repository\com\fasterxml\jackson\datatype\jackson-datatype-jsr310\2.10.1\jackson-datatype-jsr310-2.10.1.jar;C:\Users\akshay.s\.m2\repository\org\apache\velocity\velocity-engine-core\2.1\velocity-engine-core-2.1.jar;C:\Users\akshay.s\.m2\repository\joda-time\joda-time\2.10.5\joda-time-2.10.5.jar;C:\Users\akshay.s\.m2\repository\org\jsoup\jsoup\1.12.1\jsoup-1.12.1.jar;C:\Users\akshay.s\.m2\repository\com\googlecode\owasp-java-html-sanitizer\owasp-java-html-sanitizer\20191001.1\owasp-java-html-sanitizer-20191001.1.jar;C:\Users\akshay.s\.m2\repository\commons-configuration\commons-configuration\1.10\commons-configuration-1.10.jar;C:\Users\akshay.s\.m2\repository\commons-lang\commons-lang\2.6\commons-lang-2.6.jar;"/>
    <property name="sun.cpu.endian" value="little"/>
    <property name="user.home" value="C:\Users\akshay.s"/>
    <property name="user.language" value="en"/>
    <property name="java.specification.vendor" value="Oracle Corporation"/>
    <property name="java.version.date" value="2020-07-14"/>
    <property name="java.home" value="C:\Program Files\Java\jdk-11.0.8"/>
    <property name="file.separator" value="\"/>
    <property name="basedir" value="D:\2.Learning_Paths\eclipse-workspace\testprojectAutomationTool\fittrapp"/>
    <property name="java.vm.compressedOopsMode" value="32-bit"/>
    <property name="line.separator" value="&#10;"/>
    <property name="java.specification.name" value="Java Platform API Specification"/>
    <property name="java.vm.specification.vendor" value="Oracle Corporation"/>
    <property name="java.awt.graphicsenv" value="sun.awt.Win32GraphicsEnvironment"/>
    <property name="surefire.real.class.path" value="C:\Users\akshay.s\AppData\Local\Temp\surefire15976469467190761340\surefirebooter7755365806402093604.jar"/>
    <property name="user.script" value=""/>
    <property name="sun.management.compiler" value="HotSpot 64-Bit Tiered Compilers"/>
    <property name="java.runtime.version" value="11.0.8+10-LTS"/>
    <property name="user.name" value="akshay.s"/>
    <property name="path.separator" value=";"/>
    <property name="os.version" value="10.0"/>
    <property name="java.runtime.name" value="Java(TM) SE Runtime Environment"/>
    <property name="file.encoding" value="Cp1252"/>
    <property name="java.vm.name" value="Java HotSpot(TM) 64-Bit Server VM"/>
    <property name="java.vendor.version" value="18.9"/>
    <property name="localRepository" value="C:\Users\akshay.s\.m2\repository"/>
    <property name="java.vendor.url.bug" value="https://bugreport.java.com/bugreport/"/>
    <property name="java.io.tmpdir" value="C:\Users\akshay.s\AppData\Local\Temp\"/>
    <property name="java.version" value="11.0.8"/>
    <property name="user.dir" value="D:\2.Learning_Paths\eclipse-workspace\testprojectAutomationTool\fittrapp"/>
    <property name="os.arch" value="amd64"/>
    <property name="java.vm.specification.name" value="Java Virtual Machine Specification"/>
    <property name="java.awt.printerjob" value="sun.awt.windows.WPrinterJob"/>
    <property name="sun.os.patch.level" value=""/>
    <property name="java.library.path" value="C:\Program Files\Java\jdk-11.0.8\bin;C:\WINDOWS\Sun\Java\bin;C:\WINDOWS\system32;C:\WINDOWS;C:/Program Files/Java/jre1.8.0_241/bin/server;C:/Program Files/Java/jre1.8.0_241/bin;C:/Program Files/Java/jre1.8.0_241/lib/amd64;C:\Program Files\Common Files\Oracle\Java\javapath;C:\Program Files (x86)\Common Files\Oracle\Java\javapath;C:\WINDOWS\system32;C:\WINDOWS;C:\WINDOWS\System32\Wbem;C:\WINDOWS\System32\WindowsPowerShell\v1.0;C:\WINDOWS\System32\OpenSSH;C:\Program Files\Intel\WiFi\bin;C:\Program Files\Common Files\Intel\WirelessCommon;C:\Program Files\Java\jdk-11.0.8\bin;C:\Users\akshay.s\AppData\Local\Android\Sdk\\platform-tools;C:\Users\akshay.s\AppData\Local\Android\Sdk\\tools;C:\Program Files\Java\jdk-11.0.8;C:\Program Files (x86)\Qualcomm\QXDM4;C:\Program Files\nodejs;C:\ProgramData\chocolatey\bin;C:\Program Files\Git\cmd;C:\Program Files\Git\bin;D:\2.Learning_Paths\apache-maven-3.6.3-bin\apache-maven-3.6.3\bin;D:\2.Learning_Paths\PuTTY;D:\1.Transfer from old laptop\0.Security Testing\Android Security Training Files-20191002T085007Z-001\Android Security Training Files\Windows\Windows\dex-tools-2.1-20171001-lanchon\dex-tools-2.1-20171001-lanchon;C:\Program Files (x86)\GnuWin32\bin;C:\drozer;D:\2.Learning_Paths\gradle-6.5-bin\gradle-6.5\bin;C:\Users\akshay.s\AppData\Local\Android\Sdk\build-tools\29.0.3;C:\Program Files (x86)\Qualcomm\QIKTool\1.0.101.1;C:\Users\akshay.s\AppData\Local\Programs\Python\Python38-32\Scripts\;C:\Users\akshay.s\AppData\Local\Programs\Python\Python38-32\;C:\Users\akshay.s\AppData\Local\Microsoft\WindowsApps;C:\Users\akshay.s\AppData\Roaming\npm;C:\Program Files\JetBrains\PyCharm Community Edition 2020.1.2\bin;;;D:\0.Desktop_Downloads\0.Personal\eclipse-jee-2019-12-R-win32-x86_64\eclipse;;."/>
    <property name="java.vendor" value="Oracle Corporation"/>
    <property name="java.vm.info" value="mixed mode"/>
    <property name="java.vm.version" value="11.0.8+10-LTS"/>
    <property name="sun.io.unicode.encoding" value="UnicodeLittle"/>
    <property name="java.class.version" value="55.0"/>
  </properties>
  <testcase name="runScenario[&quot;Fittr app login with already registered Gmail Account Test case&quot;, &quot;Optional[Fittr app login feature]&quot;](1)" classname="runner.Runner" time="54.672">
    <system-out><![CDATA[
Scenario: Fittr app login with already registered Gmail Account Test case # src/test/java/features/fittrlogin.feature:4
Am in before setup
----setup----
&amp#27;[35m[Appium]&amp#27;[39m Welcome to Appium v1.15.1
&amp#27;[35m[Appium]&amp#27;[39m Non-default server args:
&amp#27;[35m[Appium]&amp#27;[39m   logFile: D:\2.Learning_Paths\eclipse-workspace\testprojectAutomationTool\fittrapp\src\test\resources\logs\logs.txt
&amp#27;[35m[Appium]&amp#27;[39m   localTimezone: true
&amp#27;[35m[Appium]&amp#27;[39m Appium REST http interface listener started on 0.0.0.0:4723
&amp#27;[35m[HTTP]&amp#27;[39m &amp#27;[37m-->&amp#27;[39m &amp#27;[37mGET&amp#27;[39m &amp#27;[37m/wd/hub/status&amp#27;[39m
&amp#27;[35m[HTTP]&amp#27;[39m &amp#27;[90m{}&amp#27;[39m
[debug] &amp#27;[35m[GENERIC]&amp#27;[39m Calling AppiumDriver.getStatus() with args: []
[debug] &amp#27;[35m[GENERIC]&amp#27;[39m Responding to client with driver.getStatus() result: {"build":{"version":"1.15.1"}}
&amp#27;[35m[HTTP]&amp#27;[39m &amp#27;[37m<-- GET /wd/hub/status &amp#27;[39m&amp#27;[32m200&amp#27;[39m &amp#27;[90m36 ms - 68&amp#27;[39m
&amp#27;[35m[HTTP]&amp#27;[39m &amp#27;[90m&amp#27;[39m
---------am in d1------------
&amp#27;[35m[HTTP]&amp#27;[39m &amp#27;[37m-->&amp#27;[39m &amp#27;[37mPOST&amp#27;[39m &amp#27;[37m/wd/hub/session&amp#27;[39m
&amp#27;[35m[HTTP]&amp#27;[39m &amp#27;[90m{"desiredCapabilities":{"appActivity":".activity.SplashActivity","appPackage":"com.squats.fittr","platformName":"Android","deviceName":"Android","platformVersion":"10"},"capabilities":{"firstMatch":[{"appium:appActivity":".activity.SplashActivity","appium:appPackage":"com.squats.fittr","appium:deviceName":"Android","platformName":"android","appium:platformVersion":"10"}]}}&amp#27;[39m
[debug] &amp#27;[35m[W3C]&amp#27;[39m Calling AppiumDriver.createSession() with args: [{"appActivity":".activity.SplashActivity","appPackage":"com.squats.fittr","platformName":"Android","deviceName":"Android","platformVersion":"10"},null,{"firstMatch":[{"appium:appActivity":".activity.SplashActivity","appium:appPackage":"com.squats.fittr","appium:deviceName":"Android","platformName":"android","appium:platformVersion":"10"}]}]
[debug] &amp#27;[35m[BaseDriver]&amp#27;[39m Event 'newSessionRequested' logged at 1603362251084 (15:54:11 GMT+0530 (India Standard Time))
&amp#27;[35m[Appium]&amp#27;[39m 
&amp#27;[35m[Appium]&amp#27;[39m ======================================================================
&amp#27;[35m[Appium]&amp#27;[39m   DEPRECATION WARNING:
&amp#27;[35m[Appium]&amp#27;[39m 
&amp#27;[35m[Appium]&amp#27;[39m   The 'automationName' capability was not provided in the desired 
&amp#27;[35m[Appium]&amp#27;[39m   capabilities for this Android session
&amp#27;[35m[Appium]&amp#27;[39m 
&amp#27;[35m[Appium]&amp#27;[39m   Setting 'automationName=UiAutomator2' by default and using the 
&amp#27;[35m[Appium]&amp#27;[39m   UiAutomator2 Driver
&amp#27;[35m[Appium]&amp#27;[39m 
&amp#27;[35m[Appium]&amp#27;[39m   The next major version of Appium (2.x) will **require** the 
&amp#27;[35m[Appium]&amp#27;[39m   'automationName' capability to be set for all sessions on all 
&amp#27;[35m[Appium]&amp#27;[39m   platforms
&amp#27;[35m[Appium]&amp#27;[39m 
&amp#27;[35m[Appium]&amp#27;[39m   In previous versions (Appium <= 1.13.x), the default was 
&amp#27;[35m[Appium]&amp#27;[39m   'automationName=UiAutomator1'
&amp#27;[35m[Appium]&amp#27;[39m 
&amp#27;[35m[Appium]&amp#27;[39m   If you wish to use that automation instead of UiAutomator2, please 
&amp#27;[35m[Appium]&amp#27;[39m   add 'automationName=UiAutomator1' to your desired capabilities
&amp#27;[35m[Appium]&amp#27;[39m 
&amp#27;[35m[Appium]&amp#27;[39m   For more information about drivers, please visit 
&amp#27;[35m[Appium]&amp#27;[39m   http://appium.io/docs/en/about-appium/intro/ and explore the 
&amp#27;[35m[Appium]&amp#27;[39m   'Drivers' menu
&amp#27;[35m[Appium]&amp#27;[39m 
&amp#27;[35m[Appium]&amp#27;[39m ======================================================================
&amp#27;[35m[Appium]&amp#27;[39m 
&amp#27;[35m[Appium]&amp#27;[39m Appium v1.15.1 creating new AndroidUiautomator2Driver (v1.37.2) session
[debug] &amp#27;[35m[BaseDriver]&amp#27;[39m W3C capabilities and MJSONWP desired capabilities were provided
[debug] &amp#27;[35m[BaseDriver]&amp#27;[39m Creating session with W3C capabilities: {
[debug] &amp#27;[35m[BaseDriver]&amp#27;[39m   "alwaysMatch": {
[debug] &amp#27;[35m[BaseDriver]&amp#27;[39m     "platformName": "android",
[debug] &amp#27;[35m[BaseDriver]&amp#27;[39m     "appium:appActivity": ".activity.SplashActivity",
[debug] &amp#27;[35m[BaseDriver]&amp#27;[39m     "appium:appPackage": "com.squats.fittr",
[debug] &amp#27;[35m[BaseDriver]&amp#27;[39m     "appium:deviceName": "Android",
[debug] &amp#27;[35m[BaseDriver]&amp#27;[39m     "appium:platformVersion": "10"
[debug] &amp#27;[35m[BaseDriver]&amp#27;[39m   },
[debug] &amp#27;[35m[BaseDriver]&amp#27;[39m   "firstMatch": [
[debug] &amp#27;[35m[BaseDriver]&amp#27;[39m     {}
[debug] &amp#27;[35m[BaseDriver]&amp#27;[39m   ]
[debug] &amp#27;[35m[BaseDriver]&amp#27;[39m }
&amp#27;[35m[BaseDriver]&amp#27;[39m Session created with session id: 744c2e25-5c6a-407f-8699-4978bf79afbe
&amp#27;[35m[UiAutomator2]&amp#27;[39m Starting 'com.squats.fittr' directly on the device
&amp#27;[35m[ADB]&amp#27;[39m Found 2 'build-tools' folders under 'C:\Users\akshay.s\AppData\Local\Android\Sdk\' (newest first):
&amp#27;[35m[ADB]&amp#27;[39m     C:/Users/akshay.s/AppData/Local/Android/Sdk/build-tools/30.0.0-rc1
&amp#27;[35m[ADB]&amp#27;[39m     C:/Users/akshay.s/AppData/Local/Android/Sdk/build-tools/29.0.3
&amp#27;[35m[ADB]&amp#27;[39m Using 'adb.exe' from 'C:\Users\akshay.s\AppData\Local\Android\Sdk\platform-tools\adb.exe'
&amp#27;[35m[AndroidDriver]&amp#27;[39m Retrieving device list
[debug] &amp#27;[35m[ADB]&amp#27;[39m Trying to find a connected android device
[debug] &amp#27;[35m[ADB]&amp#27;[39m Getting connected devices...
[debug] &amp#27;[35m[ADB]&amp#27;[39m Connected devices: [{"udid":"67e0c2a5","state":"device"}]
&amp#27;[35m[AndroidDriver]&amp#27;[39m Looking for a device with Android '10'
[debug] &amp#27;[35m[ADB]&amp#27;[39m Setting device id to 67e0c2a5
&amp#27;[35m[ADB]&amp#27;[39m Getting device platform version
[debug] &amp#27;[35m[ADB]&amp#27;[39m Running 'C:\Users\akshay.s\AppData\Local\Android\Sdk\platform-tools\adb.exe -P 5037 -s 67e0c2a5 shell getprop ro.build.version.release'
[debug] &amp#27;[35m[ADB]&amp#27;[39m Current device property 'ro.build.version.release': 10
&amp#27;[35m[AndroidDriver]&amp#27;[39m Using device: 67e0c2a5
&amp#27;[35m[ADB]&amp#27;[39m Using 'adb.exe' from 'C:\Users\akshay.s\AppData\Local\Android\Sdk\platform-tools\adb.exe'
[debug] &amp#27;[35m[ADB]&amp#27;[39m Setting device id to 67e0c2a5
[debug] &amp#27;[35m[ADB]&amp#27;[39m Running 'C:\Users\akshay.s\AppData\Local\Android\Sdk\platform-tools\adb.exe -P 5037 -s 67e0c2a5 shell getprop ro.build.version.sdk'
[debug] &amp#27;[35m[ADB]&amp#27;[39m Current device property 'ro.build.version.sdk': 29
[debug] &amp#27;[35m[ADB]&amp#27;[39m Device API level: 29
&amp#27;[35m[UiAutomator2]&amp#27;[39m Relaxing hidden api policy
[debug] &amp#27;[35m[ADB]&amp#27;[39m Running 'C:\Users\akshay.s\AppData\Local\Android\Sdk\platform-tools\adb.exe -P 5037 -s 67e0c2a5 shell settings put global hidden_api_policy_pre_p_apps 1'
[debug] &amp#27;[35m[ADB]&amp#27;[39m Running 'C:\Users\akshay.s\AppData\Local\Android\Sdk\platform-tools\adb.exe -P 5037 -s 67e0c2a5 shell settings put global hidden_api_policy_p_apps 1'
[debug] &amp#27;[35m[ADB]&amp#27;[39m Running 'C:\Users\akshay.s\AppData\Local\Android\Sdk\platform-tools\adb.exe -P 5037 -s 67e0c2a5 shell settings put global hidden_api_policy 1'
&amp#27;[35m[AndroidDriver]&amp#27;[39m No app sent in, not parsing package/activity
[debug] &amp#27;[35m[ADB]&amp#27;[39m Running 'C:\Users\akshay.s\AppData\Local\Android\Sdk\platform-tools\adb.exe -P 5037 -s 67e0c2a5 wait-for-device'
[debug] &amp#27;[35m[ADB]&amp#27;[39m Running 'C:\Users\akshay.s\AppData\Local\Android\Sdk\platform-tools\adb.exe -P 5037 -s 67e0c2a5 shell echo ping'
[debug] &amp#27;[35m[AndroidDriver]&amp#27;[39m Pushing settings apk to device...
[debug] &amp#27;[35m[ADB]&amp#27;[39m Getting install status for io.appium.settings
[debug] &amp#27;[35m[ADB]&amp#27;[39m Running 'C:\Users\akshay.s\AppData\Local\Android\Sdk\platform-tools\adb.exe -P 5037 -s 67e0c2a5 shell dumpsys package io.appium.settings'
[debug] &amp#27;[35m[ADB]&amp#27;[39m 'io.appium.settings' is installed
[debug] &amp#27;[35m[ADB]&amp#27;[39m Getting package info for 'io.appium.settings'
[debug] &amp#27;[35m[ADB]&amp#27;[39m Running 'C:\Users\akshay.s\AppData\Local\Android\Sdk\platform-tools\adb.exe -P 5037 -s 67e0c2a5 shell dumpsys package io.appium.settings'
&amp#27;[35m[ADB]&amp#27;[39m Cannot extract apk info using apkanalyzer. Falling back to aapt. Original error: Could not find 'apkanalyzer.bat' in ["C:\\Users\\akshay.s\\AppData\\Local\\Android\\Sdk\\platform-tools\\apkanalyzer.bat","C:\\Users\\akshay.s\\AppData\\Local\\Android\\Sdk\\emulator\\apkanalyzer.bat","C:\\Users\\akshay.s\\AppData\\Local\\Android\\Sdk\\tools\\apkanalyzer.bat","C:\\Users\\akshay.s\\AppData\\Local\\Android\\Sdk\\tools\\bin\\apkanalyzer.bat","C:\\Users\\akshay.s\\AppData\\Local\\Android\\Sdk\\build-tools\\30.0.0-rc1\\apkanalyzer.bat","C:\\Users\\akshay.s\\AppData\\Local\\Android\\Sdk\\build-tools\\29.0.3\\apkanalyzer.bat"]. Do you have Android Build Tools installed at 'C:\Users\akshay.s\AppData\Local\Android\Sdk\'?
&amp#27;[35m[ADB]&amp#27;[39m Using 'aapt.exe' from 'C:\Users\akshay.s\AppData\Local\Android\Sdk\build-tools\30.0.0-rc1\aapt.exe'
[debug] &amp#27;[35m[ADB]&amp#27;[39m The version name of the installed 'io.appium.settings' is greater or equal to the application version name ('2.14.2' >= '2.14.2')
[debug] &amp#27;[35m[ADB]&amp#27;[39m There is no need to install/upgrade 'C:\Users\akshay.s\AppData\Local\Programs\Appium\resources\app\node_modules\appium\node_modules\io.appium.settings\apks\settings_apk-debug.apk'
[debug] &amp#27;[35m[ADB]&amp#27;[39m Getting IDs of all 'io.appium.settings' processes
[debug] &amp#27;[35m[ADB]&amp#27;[39m Running 'C:\Users\akshay.s\AppData\Local\Android\Sdk\platform-tools\adb.exe -P 5037 -s 67e0c2a5 shell 'pgrep --help; echo $?''
[debug] &amp#27;[35m[ADB]&amp#27;[39m Running 'C:\Users\akshay.s\AppData\Local\Android\Sdk\platform-tools\adb.exe -P 5037 -s 67e0c2a5 shell pgrep -f io\\.appium\\.settings'
[debug] &amp#27;[35m[ADB]&amp#27;[39m Running 'C:\Users\akshay.s\AppData\Local\Android\Sdk\platform-tools\adb.exe -P 5037 -s 67e0c2a5 shell am start -n io.appium.settings/.Settings -a android.intent.action.MAIN -c android.intent.category.LAUNCHER'
[debug] &amp#27;[35m[ADB]&amp#27;[39m Getting IDs of all 'io.appium.settings' processes
[debug] &amp#27;[35m[ADB]&amp#27;[39m Running 'C:\Users\akshay.s\AppData\Local\Android\Sdk\platform-tools\adb.exe -P 5037 -s 67e0c2a5 shell pgrep -f io\\.appium\\.settings'
[debug] &amp#27;[35m[ADB]&amp#27;[39m Running 'C:\Users\akshay.s\AppData\Local\Android\Sdk\platform-tools\adb.exe -P 5037 -s 67e0c2a5 shell appops set io.appium.settings android\:mock_location allow'
[debug] &amp#27;[35m[Logcat]&amp#27;[39m Starting logcat capture
[debug] &amp#27;[35m[ADB]&amp#27;[39m Getting install status for io.appium.uiautomator2.server
[debug] &amp#27;[35m[ADB]&amp#27;[39m Running 'C:\Users\akshay.s\AppData\Local\Android\Sdk\platform-tools\adb.exe -P 5037 -s 67e0c2a5 shell dumpsys package io.appium.uiautomator2.server'
[debug] &amp#27;[35m[ADB]&amp#27;[39m 'io.appium.uiautomator2.server' is installed
[debug] &amp#27;[35m[ADB]&amp#27;[39m Getting package info for 'io.appium.uiautomator2.server'
[debug] &amp#27;[35m[ADB]&amp#27;[39m Running 'C:\Users\akshay.s\AppData\Local\Android\Sdk\platform-tools\adb.exe -P 5037 -s 67e0c2a5 shell dumpsys package io.appium.uiautomator2.server'
&amp#27;[35m[ADB]&amp#27;[39m Cannot extract apk info using apkanalyzer. Falling back to aapt. Original error: Could not find 'apkanalyzer.bat' in ["C:\\Users\\akshay.s\\AppData\\Local\\Android\\Sdk\\platform-tools\\apkanalyzer.bat","C:\\Users\\akshay.s\\AppData\\Local\\Android\\Sdk\\emulator\\apkanalyzer.bat","C:\\Users\\akshay.s\\AppData\\Local\\Android\\Sdk\\tools\\apkanalyzer.bat","C:\\Users\\akshay.s\\AppData\\Local\\Android\\Sdk\\tools\\bin\\apkanalyzer.bat","C:\\Users\\akshay.s\\AppData\\Local\\Android\\Sdk\\build-tools\\30.0.0-rc1\\apkanalyzer.bat","C:\\Users\\akshay.s\\AppData\\Local\\Android\\Sdk\\build-tools\\29.0.3\\apkanalyzer.bat"]. Do you have Android Build Tools installed at 'C:\Users\akshay.s\AppData\Local\Android\Sdk\'?
[debug] &amp#27;[35m[ADB]&amp#27;[39m The version name of the installed 'io.appium.uiautomator2.server' is greater or equal to the application version name ('4.3.0' >= '4.3.0')
[debug] &amp#27;[35m[UiAutomator2]&amp#27;[39m io.appium.uiautomator2.server installation state: sameVersionInstalled
[debug] &amp#27;[35m[ADB]&amp#27;[39m Checking app cert for C:\Users\akshay.s\AppData\Local\Programs\Appium\resources\app\node_modules\appium\node_modules\appium-uiautomator2-server\apks\appium-uiautomator2-server-v4.3.0.apk
&amp#27;[35m[ADB]&amp#27;[39m Using 'apksigner.bat' from 'C:\Users\akshay.s\AppData\Local\Android\Sdk\build-tools\30.0.0-rc1\apksigner.bat'
[debug] &amp#27;[35m[ADB]&amp#27;[39m Starting 'C:\Users\akshay.s\AppData\Local\Android\Sdk\build-tools\30.0.0-rc1\apksigner.bat' with args '["verify","--print-certs","C:\\Users\\akshay.s\\AppData\\Local\\Programs\\Appium\\resources\\app\\node_modules\\appium\\node_modules\\appium-uiautomator2-server\\apks\\appium-uiautomator2-server-v4.3.0.apk"]'
&amp#27;[35m[ADB]&amp#27;[39m Got an error during apksigner execution: Command 'apksigner.bat verify --print-certs C:\\Users\\akshay.s\\AppData\\Local\\Programs\\Appium\\resources\\app\\node_modules\\appium\\node_modules\\appium-uiautomator2-server\\apks\\appium-uiautomator2-server-v4.3.0.apk' exited with code 1
&amp#27;[35m[ADB]&amp#27;[39m apksigner stderr: java.lang.UnsupportedClassVersionError: com/android/apksigner/ApkSignerTool has been compiled by a more recent version of the Java Runtime (class file version 53.0), this version of the Java Runtime only recognizes class file versions up to 52.0
&amp#27;[35m[ADB]&amp#27;[39m 	at java.lang.ClassLoader.defineClass1(Native Method)
&amp#27;[35m[ADB]&amp#27;[39m 	at java.lang.ClassLoader.defineClass(Unknown Source)
&amp#27;[35m[ADB]&amp#27;[39m 	at java.security.SecureClassLoader.defineClass(Unknown Source)
&amp#27;[35m[ADB]&amp#27;[39m 	at java.net.URLClassLoader.defineClass(Unknown Source)
&amp#27;[35m[ADB]&amp#27;[39m 	at java.net.URLClassLoader.access$100(Unknown Source)
&amp#27;[35m[ADB]&amp#27;[39m 	at java.net.URLClassLoader$1.run(Unknown Source)
&amp#27;[35m[ADB]&amp#27;[39m 	at java.net.URLClassLoader$1.run(Unknown Source)
&amp#27;[35m[ADB]&amp#27;[39m 	at java.security.AccessController.doPrivileged(Native Method)
&amp#27;[35m[ADB]&amp#27;[39m 	at java.net.URLClassLoader.findClass(Unknown Source)
&amp#27;[35m[ADB]&amp#27;[39m 	at java.lang.ClassLoader.loadClass(Unknown Source)
&amp#27;[35m[ADB]&amp#27;[39m 	at sun.misc.Launcher$AppClassLoader.loadClass(Unknown Source)
&amp#27;[35m[ADB]&amp#27;[39m 	at java.lang.ClassLoader.loadClass(Unknown Source)
&amp#27;[35m[ADB]&amp#27;[39m 	at sun.launcher.LauncherHelper.checkAndLoadMain(Unknown Source)
&amp#27;[35m[ADB]&amp#27;[39m Error: A JNI error has occurred, please check your installation and try again
&amp#27;[35m[ADB]&amp#27;[39m Exception in thread "main" 
&amp#27;[35m[ADB]&amp#27;[39m Cannot use apksigner tool for signature verification. Original error: Command 'apksigner.bat verify --print-certs C:\\Users\\akshay.s\\AppData\\Local\\Programs\\Appium\\resources\\app\\node_modules\\appium\\node_modules\\appium-uiautomator2-server\\apks\\appium-uiautomator2-server-v4.3.0.apk' exited with code 1
[debug] &amp#27;[35m[ADB]&amp#27;[39m Defaulting to verify.jar
[debug] &amp#27;[35m[ADB]&amp#27;[39m 'C:\Users\akshay.s\AppData\Local\Programs\Appium\resources\app\node_modules\appium\node_modules\appium-uiautomator2-server\apks\appium-uiautomator2-server-v4.3.0.apk' is already signed.
[debug] &amp#27;[35m[ADB]&amp#27;[39m Getting install status for io.appium.uiautomator2.server.test
[debug] &amp#27;[35m[ADB]&amp#27;[39m Running 'C:\Users\akshay.s\AppData\Local\Android\Sdk\platform-tools\adb.exe -P 5037 -s 67e0c2a5 shell dumpsys package io.appium.uiautomator2.server.test'
[debug] &amp#27;[35m[ADB]&amp#27;[39m 'io.appium.uiautomator2.server.test' is installed
[debug] &amp#27;[35m[ADB]&amp#27;[39m Checking app cert for C:\Users\akshay.s\AppData\Local\Programs\Appium\resources\app\node_modules\appium\node_modules\appium-uiautomator2-server\apks\appium-uiautomator2-server-debug-androidTest.apk
[debug] &amp#27;[35m[ADB]&amp#27;[39m Starting 'C:\Users\akshay.s\AppData\Local\Android\Sdk\build-tools\30.0.0-rc1\apksigner.bat' with args '["verify","--print-certs","C:\\Users\\akshay.s\\AppData\\Local\\Programs\\Appium\\resources\\app\\node_modules\\appium\\node_modules\\appium-uiautomator2-server\\apks\\appium-uiautomator2-server-debug-androidTest.apk"]'
&amp#27;[35m[ADB]&amp#27;[39m Got an error during apksigner execution: Command 'apksigner.bat verify --print-certs C:\\Users\\akshay.s\\AppData\\Local\\Programs\\Appium\\resources\\app\\node_modules\\appium\\node_modules\\appium-uiautomator2-server\\apks\\appium-uiautomator2-server-debug-androidTest.apk' exited with code 1
&amp#27;[35m[ADB]&amp#27;[39m apksigner stderr: java.lang.UnsupportedClassVersionError: com/android/apksigner/ApkSignerTool has been compiled by a more recent version of the Java Runtime (class file version 53.0), this version of the Java Runtime only recognizes class file versions up to 52.0
&amp#27;[35m[ADB]&amp#27;[39m 	at java.lang.ClassLoader.defineClass1(Native Method)
&amp#27;[35m[ADB]&amp#27;[39m 	at java.lang.ClassLoader.defineClass(Unknown Source)
&amp#27;[35m[ADB]&amp#27;[39m 	at java.security.SecureClassLoader.defineClass(Unknown Source)
&amp#27;[35m[ADB]&amp#27;[39m 	at java.net.URLClassLoader.defineClass(Unknown Source)
&amp#27;[35m[ADB]&amp#27;[39m 	at java.net.URLClassLoader.access$100(Unknown Source)
&amp#27;[35m[ADB]&amp#27;[39m 	at java.net.URLClassLoader$1.run(Unknown Source)
&amp#27;[35m[ADB]&amp#27;[39m 	at java.net.URLClassLoader$1.run(Unknown Source)
&amp#27;[35m[ADB]&amp#27;[39m 	at java.security.AccessController.doPrivileged(Native Method)
&amp#27;[35m[ADB]&amp#27;[39m 	at java.net.URLClassLoader.findClass(Unknown Source)
&amp#27;[35m[ADB]&amp#27;[39m 	at java.lang.ClassLoader.loadClass(Unknown Source)
&amp#27;[35m[ADB]&amp#27;[39m 	at sun.misc.Launcher$AppClassLoader.loadClass(Unknown Source)
&amp#27;[35m[ADB]&amp#27;[39m 	at java.lang.ClassLoader.loadClass(Unknown Source)
&amp#27;[35m[ADB]&amp#27;[39m 	at sun.launcher.LauncherHelper.checkAndLoadMain(Unknown Source)
&amp#27;[35m[ADB]&amp#27;[39m Error: A JNI error has occurred, please check your installation and try again
&amp#27;[35m[ADB]&amp#27;[39m Exception in thread "main" 
&amp#27;[35m[ADB]&amp#27;[39m Cannot use apksigner tool for signature verification. Original error: Command 'apksigner.bat verify --print-certs C:\\Users\\akshay.s\\AppData\\Local\\Programs\\Appium\\resources\\app\\node_modules\\appium\\node_modules\\appium-uiautomator2-server\\apks\\appium-uiautomator2-server-debug-androidTest.apk' exited with code 1
[debug] &amp#27;[35m[ADB]&amp#27;[39m Defaulting to verify.jar
[debug] &amp#27;[35m[ADB]&amp#27;[39m 'C:\Users\akshay.s\AppData\Local\Programs\Appium\resources\app\node_modules\appium\node_modules\appium-uiautomator2-server\apks\appium-uiautomator2-server-debug-androidTest.apk' is already signed.
&amp#27;[35m[UiAutomator2]&amp#27;[39m Server packages are not going to be (re)installed
[debug] &amp#27;[35m[UiAutomator2]&amp#27;[39m Waiting up to 30000ms for services to be available
[debug] &amp#27;[35m[ADB]&amp#27;[39m Running 'C:\Users\akshay.s\AppData\Local\Android\Sdk\platform-tools\adb.exe -P 5037 -s 67e0c2a5 shell pm list instrumentation'
[debug] &amp#27;[35m[UiAutomator2]&amp#27;[39m Instrumentation target 'io.appium.uiautomator2.server.test/androidx.test.runner.AndroidJUnitRunner' is available
[debug] &amp#27;[35m[UiAutomator2]&amp#27;[39m Forwarding UiAutomator2 Server port 6790 to 8200
[debug] &amp#27;[35m[ADB]&amp#27;[39m Forwarding system: 8200 to device: 6790
[debug] &amp#27;[35m[ADB]&amp#27;[39m Running 'C:\Users\akshay.s\AppData\Local\Android\Sdk\platform-tools\adb.exe -P 5037 -s 67e0c2a5 forward tcp\:8200 tcp\:6790'
[debug] &amp#27;[35m[UiAutomator2]&amp#27;[39m No app capability. Assuming it is already on the device
[debug] &amp#27;[35m[ADB]&amp#27;[39m Getting install status for com.squats.fittr
[debug] &amp#27;[35m[ADB]&amp#27;[39m Running 'C:\Users\akshay.s\AppData\Local\Android\Sdk\platform-tools\adb.exe -P 5037 -s 67e0c2a5 shell dumpsys package com.squats.fittr'
[debug] &amp#27;[35m[ADB]&amp#27;[39m 'com.squats.fittr' is installed
[debug] &amp#27;[35m[ADB]&amp#27;[39m Running 'C:\Users\akshay.s\AppData\Local\Android\Sdk\platform-tools\adb.exe -P 5037 -s 67e0c2a5 shell am force-stop com.squats.fittr'
[debug] &amp#27;[35m[ADB]&amp#27;[39m Running 'C:\Users\akshay.s\AppData\Local\Android\Sdk\platform-tools\adb.exe -P 5037 -s 67e0c2a5 shell pm clear com.squats.fittr'
[debug] &amp#27;[35m[AndroidDriver]&amp#27;[39m Performed fast reset on the installed 'com.squats.fittr' application (stop and clear)
[debug] &amp#27;[35m[UiAutomator2]&amp#27;[39m Performing shallow cleanup of automation leftovers
[debug] &amp#27;[35m[UiAutomator2]&amp#27;[39m No obsolete sessions have been detected (Error: socket hang up)
[debug] &amp#27;[35m[ADB]&amp#27;[39m Running 'C:\Users\akshay.s\AppData\Local\Android\Sdk\platform-tools\adb.exe -P 5037 -s 67e0c2a5 shell am force-stop io.appium.uiautomator2.server.test'
&amp#27;[35m[UiAutomator2]&amp#27;[39m Starting UIAutomator2 server 4.3.0
&amp#27;[35m[UiAutomator2]&amp#27;[39m Using UIAutomator2 server from 'C:\Users\akshay.s\AppData\Local\Programs\Appium\resources\app\node_modules\appium\node_modules\appium-uiautomator2-server\apks\appium-uiautomator2-server-v4.3.0.apk' and test from 'C:\Users\akshay.s\AppData\Local\Programs\Appium\resources\app\node_modules\appium\node_modules\appium-uiautomator2-server\apks\appium-uiautomator2-server-debug-androidTest.apk'
&amp#27;[35m[UiAutomator2]&amp#27;[39m Waiting up to 30000ms for UiAutomator2 to be online...
[debug] &amp#27;[35m[ADB]&amp#27;[39m Creating ADB subprocess with args: ["-P",5037,"-s","67e0c2a5","shell","am","instrument","-w","io.appium.uiautomator2.server.test/androidx.test.runner.AndroidJUnitRunner"]
[debug] &amp#27;[35m[WD Proxy]&amp#27;[39m Matched '/status' to command name 'getStatus'
[debug] &amp#27;[35m[WD Proxy]&amp#27;[39m Proxying [GET /status] to [GET http://localhost:8200/wd/hub/status] with no body
&amp#27;[35m[WD Proxy]&amp#27;[39m Got an unexpected response with status undefined: {"code":"ECONNRESET"}
[debug] &amp#27;[35m[Instrumentation]&amp#27;[39m io.appium.uiautomator2.server.test.AppiumUiAutomator2Server:
[debug] &amp#27;[35m[WD Proxy]&amp#27;[39m Matched '/status' to command name 'getStatus'
[debug] &amp#27;[35m[WD Proxy]&amp#27;[39m Proxying [GET /status] to [GET http://localhost:8200/wd/hub/status] with no body
&amp#27;[35m[WD Proxy]&amp#27;[39m Got an unexpected response with status undefined: {"code":"ECONNRESET"}
[debug] &amp#27;[35m[WD Proxy]&amp#27;[39m Matched '/status' to command name 'getStatus'
[debug] &amp#27;[35m[WD Proxy]&amp#27;[39m Proxying [GET /status] to [GET http://localhost:8200/wd/hub/status] with no body
&amp#27;[35m[WD Proxy]&amp#27;[39m Got an unexpected response with status undefined: {"code":"ECONNRESET"}
[debug] &amp#27;[35m[WD Proxy]&amp#27;[39m Matched '/status' to command name 'getStatus'
[debug] &amp#27;[35m[WD Proxy]&amp#27;[39m Proxying [GET /status] to [GET http://localhost:8200/wd/hub/status] with no body
[debug] &amp#27;[35m[WD Proxy]&amp#27;[39m Got response with status 200: {"sessionId":"None","value":{"ready":true,"message":"UiAutomator2 Server is ready to accept commands"}}
[debug] &amp#27;[35m[UiAutomator2]&amp#27;[39m The initialization of the instrumentation process took 4230ms
[debug] &amp#27;[35m[WD Proxy]&amp#27;[39m Matched '/session' to command name 'createSession'
[debug] &amp#27;[35m[WD Proxy]&amp#27;[39m Proxying [POST /session] to [POST http://localhost:8200/wd/hub/session] with body: {"capabilities":{"firstMatch":[{"platform":"LINUX","webStorageEnabled":false,"takesScreenshot":true,"javascriptEnabled":true,"databaseEnabled":false,"networkConnectionEnabled":true,"locationContextEnabled":false,"warnings":{},"desired":{"platformName":"android","appActivity":".activity.SplashActivity","appPackage":"com.squats.fittr","deviceName":"Android","platformVersion":"10"},"platformName":"android","appActivity":".activity.SplashActivity","appPackage":"com.squats.fittr","deviceName":"67e0c2a5","platformVersion":"10","deviceUDID":"67e0c2a5"}],"alwaysMatch":{}}}
[debug] &amp#27;[35m[WD Proxy]&amp#27;[39m Got response with status 200: {"sessionId":"c7417236-6e05-4245-880b-5c08efbb465b","value":{"sessionId":"c7417236-6e05-4245-880b-5c08efbb465b","capabilities":{"firstMatch":[{"platform":"LINUX","webStorageEnabled":false,"takesScreenshot":true,"javascriptEnabled":true,"databaseEnabled":false,"networkConnectionEnabled":true,"locationContextEnabled":false,"warnings":{},"desired":{"platformName":"android","appActivity":".activity.SplashActivity","appPackage":"com.squats.fittr","deviceName":"Android","platformVersion":"10"},"platformName":"android","appActivity":".activity.SplashActivity","appPackage":"com.squats.fittr","deviceName":"67e0c2a5","platformVersion":"10","deviceUDID":"67e0c2a5"}],"alwaysMatch":{}}}}
&amp#27;[35m[WD Proxy]&amp#27;[39m Determined the downstream protocol as 'W3C'
[debug] &amp#27;[35m[WD Proxy]&amp#27;[39m Proxying [GET /appium/device/info] to [GET http://localhost:8200/wd/hub/session/c7417236-6e05-4245-880b-5c08efbb465b/appium/device/info] with no body
[debug] &amp#27;[35m[WD Proxy]&amp#27;[39m Got response with status 200: {"sessionId":"c7417236-6e05-4245-880b-5c08efbb465b","value":{"androidId":"99f4940f5a346402","manufacturer":"Sonimtech","model":"XP8800","brand":"Sonim","apiVersion":"29","platformVersion":"10","carrierName":"","realDisplaySize":"1080x1920","displayDensity":480,"networks":[{"type":1,"typeName":"WIFI","subtype":0,"subtypeName":"","isConnected":true,"detailedState":"CONNECTED","state":"CONNECTED","extraInfo":null,"isAvailable":true,"isFailover":false,"isRoaming":false,"capabilities":{"transportTypes":"NET_CAPABILITY_SUPL","networkCapabilities":"","linkUpstreamBandwidthKbps":1048576,"linkDownBandwidthKbps":1048576,"signalStrength":-53,"networkSpecifier":null,"SSID":null}}],"locale":"en_IN","timeZone":"Asia\/Kolkata"}}
[debug] &amp#27;[35m[ADB]&amp#27;[39m Running 'C:\Users\akshay.s\AppData\Local\Android\Sdk\platform-tools\adb.exe -P 5037 -s 67e0c2a5 shell dumpsys window'
&amp#27;[35m[AndroidDriver]&amp#27;[39m Screen already unlocked, doing nothing
&amp#27;[35m[UiAutomator2]&amp#27;[39m Starting 'com.squats.fittr/.activity.SplashActivity and waiting for 'com.squats.fittr/.activity.SplashActivity'
[debug] &amp#27;[35m[ADB]&amp#27;[39m Running 'C:\Users\akshay.s\AppData\Local\Android\Sdk\platform-tools\adb.exe -P 5037 -s 67e0c2a5 shell am start -W -n com.squats.fittr/.activity.SplashActivity -S -a android.intent.action.MAIN -c android.intent.category.LAUNCHER -f 0x10200000'
[debug] &amp#27;[35m[WD Proxy]&amp#27;[39m Proxying [GET /appium/device/pixel_ratio] to [GET http://localhost:8200/wd/hub/session/c7417236-6e05-4245-880b-5c08efbb465b/appium/device/pixel_ratio] with body: {}
[debug] &amp#27;[35m[WD Proxy]&amp#27;[39m Got response with status 200: {"sessionId":"c7417236-6e05-4245-880b-5c08efbb465b","value":3}
[debug] &amp#27;[35m[WD Proxy]&amp#27;[39m Matched '/appium/device/system_bars' to command name 'getSystemBars'
[debug] &amp#27;[35m[WD Proxy]&amp#27;[39m Proxying [GET /appium/device/system_bars] to [GET http://localhost:8200/wd/hub/session/c7417236-6e05-4245-880b-5c08efbb465b/appium/device/system_bars] with body: {}
[debug] &amp#27;[35m[WD Proxy]&amp#27;[39m Got response with status 200: {"sessionId":"c7417236-6e05-4245-880b-5c08efbb465b","value":{"statusBar":72}}
[debug] &amp#27;[35m[WD Proxy]&amp#27;[39m Matched '/window/current/size' to command name 'getWindowSize'
[debug] &amp#27;[35m[WD Proxy]&amp#27;[39m Proxying [GET /window/current/size] to [GET http://localhost:8200/wd/hub/session/c7417236-6e05-4245-880b-5c08efbb465b/window/current/size] with body: {}
[debug] &amp#27;[35m[WD Proxy]&amp#27;[39m Got response with status 200: {"sessionId":"c7417236-6e05-4245-880b-5c08efbb465b","value":{"height":1920,"width":1080}}
&amp#27;[35m[Appium]&amp#27;[39m New AndroidUiautomator2Driver session created successfully, session 744c2e25-5c6a-407f-8699-4978bf79afbe added to master session list
[debug] &amp#27;[35m[BaseDriver]&amp#27;[39m Event 'newSessionStarted' logged at 1603362272422 (15:54:32 GMT+0530 (India Standard Time))
[debug] &amp#27;[35m[W3C (744c2e25)]&amp#27;[39m Cached the protocol value 'W3C' for the new session 744c2e25-5c6a-407f-8699-4978bf79afbe
[debug] &amp#27;[35m[W3C (744c2e25)]&amp#27;[39m Responding to client with driver.createSession() result: {"capabilities":{"platform":"LINUX","webStorageEnabled":false,"takesScreenshot":true,"javascriptEnabled":true,"databaseEnabled":false,"networkConnectionEnabled":true,"locationContextEnabled":false,"warnings":{},"desired":{"platformName":"android","appActivity":".activity.SplashActivity","appPackage":"com.squats.fittr","deviceName":"Android","platformVersion":"10"},"platformName":"android","appActivity":".activity.SplashActivity","appPackage":"com.squats.fittr","deviceName":"67e0c2a5","platformVersion":"10","deviceUDID":"67e0c2a5","deviceApiLevel":29,"deviceScreenSize":"1080x1920","deviceScreenDensity":480,"deviceModel":"XP8800","deviceManufacturer":"Sonimtech","pixelRatio":3,"statBarHeight":72,"viewportRect":{"left":0,"top":72,"width":1080,"height":1848}}}
&amp#27;[35m[HTTP]&amp#27;[39m &amp#27;[37m<-- POST /wd/hub/session &amp#27;[39m&amp#27;[32m200&amp#27;[39m &amp#27;[90m21352 ms - 827&amp#27;[39m
&amp#27;[35m[HTTP]&amp#27;[39m &amp#27;[90m&amp#27;[39m
---------am in d2-----
&amp#27;[35m[HTTP]&amp#27;[39m &amp#27;[37m-->&amp#27;[39m &amp#27;[37mPOST&amp#27;[39m &amp#27;[37m/wd/hub/session/744c2e25-5c6a-407f-8699-4978bf79afbe/timeouts&amp#27;[39m
&amp#27;[35m[HTTP]&amp#27;[39m &amp#27;[90m{"implicit":20000}&amp#27;[39m
[debug] &amp#27;[35m[W3C (744c2e25)]&amp#27;[39m Calling AppiumDriver.timeouts() with args: [null,null,null,null,20000,"744c2e25-5c6a-407f-8699-4978bf79afbe"]
[debug] &amp#27;[35m[BaseDriver]&amp#27;[39m W3C timeout argument: {"implicit":20000}}
[debug] &amp#27;[35m[BaseDriver]&amp#27;[39m Set implicit wait to 20000ms
[debug] &amp#27;[35m[W3C (744c2e25)]&amp#27;[39m Responding to client with driver.timeouts() result: null
&amp#27;[35m[HTTP]&amp#27;[39m &amp#27;[37m<-- POST /wd/hub/session/744c2e25-5c6a-407f-8699-4978bf79afbe/timeouts &amp#27;[39m&amp#27;[32m200&amp#27;[39m &amp#27;[90m93 ms - 14&amp#27;[39m
&amp#27;[35m[HTTP]&amp#27;[39m &amp#27;[90m&amp#27;[39m
open
&amp#27;[35m[HTTP]&amp#27;[39m &amp#27;[37m-->&amp#27;[39m &amp#27;[37mPOST&amp#27;[39m &amp#27;[37m/wd/hub/session/744c2e25-5c6a-407f-8699-4978bf79afbe/element&amp#27;[39m
&amp#27;[35m[HTTP]&amp#27;[39m &amp#27;[90m{"using":"id","value":"com.squats.fittr:id/get_started_btn"}&amp#27;[39m
[debug] &amp#27;[35m[W3C (744c2e25)]&amp#27;[39m Calling AppiumDriver.findElement() with args: ["id","com.squats.fittr:id/get_started_btn","744c2e25-5c6a-407f-8699-4978bf79afbe"]
[debug] &amp#27;[35m[BaseDriver]&amp#27;[39m Valid locator strategies for this request: xpath, id, class name, accessibility id, -android uiautomator
[debug] &amp#27;[35m[BaseDriver]&amp#27;[39m Waiting up to 20000 ms for condition
[debug] &amp#27;[35m[WD Proxy]&amp#27;[39m Matched '/element' to command name 'findElement'
[debug] &amp#27;[35m[WD Proxy]&amp#27;[39m Proxying [POST /element] to [POST http://localhost:8200/wd/hub/session/c7417236-6e05-4245-880b-5c08efbb465b/element] with body: {"strategy":"id","selector":"com.squats.fittr:id/get_started_btn","context":"","multiple":false}
[debug] &amp#27;[35m[WD Proxy]&amp#27;[39m Got response with status 200: {"sessionId":"c7417236-6e05-4245-880b-5c08efbb465b","value":{"ELEMENT":"841b9505-c467-442e-884a-455ca18b2f8d","element-6066-11e4-a52e-4f735466cecf":"841b9505-c467-442e-884a-455ca18b2f8d"}}
[debug] &amp#27;[35m[W3C (744c2e25)]&amp#27;[39m Responding to client with driver.findElement() result: {"element-6066-11e4-a52e-4f735466cecf":"841b9505-c467-442e-884a-455ca18b2f8d","ELEMENT":"841b9505-c467-442e-884a-455ca18b2f8d"}
&amp#27;[35m[HTTP]&amp#27;[39m &amp#27;[37m<-- POST /wd/hub/session/744c2e25-5c6a-407f-8699-4978bf79afbe/element &amp#27;[39m&amp#27;[32m200&amp#27;[39m &amp#27;[90m93 ms - 137&amp#27;[39m
&amp#27;[35m[HTTP]&amp#27;[39m &amp#27;[90m&amp#27;[39m
&amp#27;[35m[HTTP]&amp#27;[39m &amp#27;[37m-->&amp#27;[39m &amp#27;[37mGET&amp#27;[39m &amp#27;[37m/wd/hub/session/744c2e25-5c6a-407f-8699-4978bf79afbe/element/841b9505-c467-442e-884a-455ca18b2f8d/displayed&amp#27;[39m
&amp#27;[35m[HTTP]&amp#27;[39m &amp#27;[90m{}&amp#27;[39m
[debug] &amp#27;[35m[W3C (744c2e25)]&amp#27;[39m Calling AppiumDriver.elementDisplayed() with args: ["841b9505-c467-442e-884a-455ca18b2f8d","744c2e25-5c6a-407f-8699-4978bf79afbe"]
[debug] &amp#27;[35m[WD Proxy]&amp#27;[39m Matched '/element/841b9505-c467-442e-884a-455ca18b2f8d/attribute/displayed' to command name 'getAttribute'
[debug] &amp#27;[35m[WD Proxy]&amp#27;[39m Proxying [GET /element/841b9505-c467-442e-884a-455ca18b2f8d/attribute/displayed] to [GET http://localhost:8200/wd/hub/session/c7417236-6e05-4245-880b-5c08efbb465b/element/841b9505-c467-442e-884a-455ca18b2f8d/attribute/displayed] with body: {}
[debug] &amp#27;[35m[WD Proxy]&amp#27;[39m Got response with status 200: {"sessionId":"c7417236-6e05-4245-880b-5c08efbb465b","value":"true"}
[debug] &amp#27;[35m[W3C (744c2e25)]&amp#27;[39m Responding to client with driver.elementDisplayed() result: true
&amp#27;[35m[HTTP]&amp#27;[39m &amp#27;[37m<-- GET /wd/hub/session/744c2e25-5c6a-407f-8699-4978bf79afbe/element/841b9505-c467-442e-884a-455ca18b2f8d/displayed &amp#27;[39m&amp#27;[32m200&amp#27;[39m &amp#27;[90m46 ms - 14&amp#27;[39m
&amp#27;[35m[HTTP]&amp#27;[39m &amp#27;[90m&amp#27;[39m
&amp#27;[35m[HTTP]&amp#27;[39m &amp#27;[37m-->&amp#27;[39m &amp#27;[37mGET&amp#27;[39m &amp#27;[37m/wd/hub/session/744c2e25-5c6a-407f-8699-4978bf79afbe/context&amp#27;[39m
&amp#27;[35m[HTTP]&amp#27;[39m &amp#27;[90m{}&amp#27;[39m
[debug] &amp#27;[35m[W3C (744c2e25)]&amp#27;[39m Calling AppiumDriver.getCurrentContext() with args: ["744c2e25-5c6a-407f-8699-4978bf79afbe"]
[debug] &amp#27;[35m[W3C (744c2e25)]&amp#27;[39m Responding to client with driver.getCurrentContext() result: "NATIVE_APP"
&amp#27;[35m[HTTP]&amp#27;[39m &amp#27;[37m<-- GET /wd/hub/session/744c2e25-5c6a-407f-8699-4978bf79afbe/context &amp#27;[39m&amp#27;[32m200&amp#27;[39m &amp#27;[90m13 ms - 22&amp#27;[39m
&amp#27;[35m[HTTP]&amp#27;[39m &amp#27;[90m&amp#27;[39m
&amp#27;[35m[HTTP]&amp#27;[39m &amp#27;[37m-->&amp#27;[39m &amp#27;[37mPOST&amp#27;[39m &amp#27;[37m/wd/hub/session/744c2e25-5c6a-407f-8699-4978bf79afbe/element&amp#27;[39m
&amp#27;[35m[HTTP]&amp#27;[39m &amp#27;[90m{"using":"id","value":"com.squats.fittr:id/get_started_btn"}&amp#27;[39m
[debug] &amp#27;[35m[W3C (744c2e25)]&amp#27;[39m Calling AppiumDriver.findElement() with args: ["id","com.squats.fittr:id/get_started_btn","744c2e25-5c6a-407f-8699-4978bf79afbe"]
[debug] &amp#27;[35m[BaseDriver]&amp#27;[39m Valid locator strategies for this request: xpath, id, class name, accessibility id, -android uiautomator
[debug] &amp#27;[35m[BaseDriver]&amp#27;[39m Waiting up to 20000 ms for condition
[debug] &amp#27;[35m[WD Proxy]&amp#27;[39m Matched '/element' to command name 'findElement'
[debug] &amp#27;[35m[WD Proxy]&amp#27;[39m Proxying [POST /element] to [POST http://localhost:8200/wd/hub/session/c7417236-6e05-4245-880b-5c08efbb465b/element] with body: {"strategy":"id","selector":"com.squats.fittr:id/get_started_btn","context":"","multiple":false}
[debug] &amp#27;[35m[WD Proxy]&amp#27;[39m Got response with status 200: {"sessionId":"c7417236-6e05-4245-880b-5c08efbb465b","value":{"ELEMENT":"097528c9-cd9e-4c15-b235-f71a8c42de80","element-6066-11e4-a52e-4f735466cecf":"097528c9-cd9e-4c15-b235-f71a8c42de80"}}
[debug] &amp#27;[35m[W3C (744c2e25)]&amp#27;[39m Responding to client with driver.findElement() result: {"element-6066-11e4-a52e-4f735466cecf":"097528c9-cd9e-4c15-b235-f71a8c42de80","ELEMENT":"097528c9-cd9e-4c15-b235-f71a8c42de80"}
&amp#27;[35m[HTTP]&amp#27;[39m &amp#27;[37m<-- POST /wd/hub/session/744c2e25-5c6a-407f-8699-4978bf79afbe/element &amp#27;[39m&amp#27;[32m200&amp#27;[39m &amp#27;[90m57 ms - 137&amp#27;[39m
&amp#27;[35m[HTTP]&amp#27;[39m &amp#27;[90m&amp#27;[39m
&amp#27;[35m[HTTP]&amp#27;[39m &amp#27;[37m-->&amp#27;[39m &amp#27;[37mPOST&amp#27;[39m &amp#27;[37m/wd/hub/session/744c2e25-5c6a-407f-8699-4978bf79afbe/element/097528c9-cd9e-4c15-b235-f71a8c42de80/click&amp#27;[39m
&amp#27;[35m[HTTP]&amp#27;[39m &amp#27;[90m{"id":"097528c9-cd9e-4c15-b235-f71a8c42de80"}&amp#27;[39m
[debug] &amp#27;[35m[W3C (744c2e25)]&amp#27;[39m Calling AppiumDriver.click() with args: ["097528c9-cd9e-4c15-b235-f71a8c42de80","744c2e25-5c6a-407f-8699-4978bf79afbe"]
[debug] &amp#27;[35m[WD Proxy]&amp#27;[39m Matched '/element/097528c9-cd9e-4c15-b235-f71a8c42de80/click' to command name 'click'
[debug] &amp#27;[35m[WD Proxy]&amp#27;[39m Proxying [POST /element/097528c9-cd9e-4c15-b235-f71a8c42de80/click] to [POST http://localhost:8200/wd/hub/session/c7417236-6e05-4245-880b-5c08efbb465b/element/097528c9-cd9e-4c15-b235-f71a8c42de80/click] with body: {"element":"097528c9-cd9e-4c15-b235-f71a8c42de80"}
[debug] &amp#27;[35m[WD Proxy]&amp#27;[39m Got response with status 200: {"sessionId":"c7417236-6e05-4245-880b-5c08efbb465b","value":null}
[debug] &amp#27;[35m[W3C (744c2e25)]&amp#27;[39m Responding to client with driver.click() result: null
&amp#27;[35m[HTTP]&amp#27;[39m &amp#27;[37m<-- POST /wd/hub/session/744c2e25-5c6a-407f-8699-4978bf79afbe/element/097528c9-cd9e-4c15-b235-f71a8c42de80/click &amp#27;[39m&amp#27;[32m200&amp#27;[39m &amp#27;[90m77 ms - 14&amp#27;[39m
&amp#27;[35m[HTTP]&amp#27;[39m &amp#27;[90m&amp#27;[39m
  Given user is on login page                                             # stepDefinations.LoginFeature_TestSteps.user_is_on_login_page()
&amp#27;[35m[HTTP]&amp#27;[39m &amp#27;[37m-->&amp#27;[39m &amp#27;[37mGET&amp#27;[39m &amp#27;[37m/wd/hub/session/744c2e25-5c6a-407f-8699-4978bf79afbe/context&amp#27;[39m
&amp#27;[35m[HTTP]&amp#27;[39m &amp#27;[90m{}&amp#27;[39m
[debug] &amp#27;[35m[W3C (744c2e25)]&amp#27;[39m Calling AppiumDriver.getCurrentContext() with args: ["744c2e25-5c6a-407f-8699-4978bf79afbe"]
[debug] &amp#27;[35m[W3C (744c2e25)]&amp#27;[39m Responding to client with driver.getCurrentContext() result: "NATIVE_APP"
&amp#27;[35m[HTTP]&amp#27;[39m &amp#27;[37m<-- GET /wd/hub/session/744c2e25-5c6a-407f-8699-4978bf79afbe/context &amp#27;[39m&amp#27;[32m200&amp#27;[39m &amp#27;[90m4 ms - 22&amp#27;[39m
&amp#27;[35m[HTTP]&amp#27;[39m &amp#27;[90m&amp#27;[39m
&amp#27;[35m[HTTP]&amp#27;[39m &amp#27;[37m-->&amp#27;[39m &amp#27;[37mPOST&amp#27;[39m &amp#27;[37m/wd/hub/session/744c2e25-5c6a-407f-8699-4978bf79afbe/element&amp#27;[39m
&amp#27;[35m[HTTP]&amp#27;[39m &amp#27;[90m{"using":"id","value":"com.squats.fittr:id/ll_google"}&amp#27;[39m
[debug] &amp#27;[35m[W3C (744c2e25)]&amp#27;[39m Calling AppiumDriver.findElement() with args: ["id","com.squats.fittr:id/ll_google","744c2e25-5c6a-407f-8699-4978bf79afbe"]
[debug] &amp#27;[35m[BaseDriver]&amp#27;[39m Valid locator strategies for this request: xpath, id, class name, accessibility id, -android uiautomator
[debug] &amp#27;[35m[BaseDriver]&amp#27;[39m Waiting up to 20000 ms for condition
[debug] &amp#27;[35m[WD Proxy]&amp#27;[39m Matched '/element' to command name 'findElement'
[debug] &amp#27;[35m[WD Proxy]&amp#27;[39m Proxying [POST /element] to [POST http://localhost:8200/wd/hub/session/c7417236-6e05-4245-880b-5c08efbb465b/element] with body: {"strategy":"id","selector":"com.squats.fittr:id/ll_google","context":"","multiple":false}
[debug] &amp#27;[35m[WD Proxy]&amp#27;[39m Got response with status 200: {"sessionId":"c7417236-6e05-4245-880b-5c08efbb465b","value":{"ELEMENT":"9d99a02f-33e5-4f7e-b576-f6f9c1214e3d","element-6066-11e4-a52e-4f735466cecf":"9d99a02f-33e5-4f7e-b576-f6f9c1214e3d"}}
[debug] &amp#27;[35m[W3C (744c2e25)]&amp#27;[39m Responding to client with driver.findElement() result: {"element-6066-11e4-a52e-4f735466cecf":"9d99a02f-33e5-4f7e-b576-f6f9c1214e3d","ELEMENT":"9d99a02f-33e5-4f7e-b576-f6f9c1214e3d"}
&amp#27;[35m[HTTP]&amp#27;[39m &amp#27;[37m<-- POST /wd/hub/session/744c2e25-5c6a-407f-8699-4978bf79afbe/element &amp#27;[39m&amp#27;[32m200&amp#27;[39m &amp#27;[90m1056 ms - 137&amp#27;[39m
&amp#27;[35m[HTTP]&amp#27;[39m &amp#27;[90m&amp#27;[39m
&amp#27;[35m[HTTP]&amp#27;[39m &amp#27;[37m-->&amp#27;[39m &amp#27;[37mPOST&amp#27;[39m &amp#27;[37m/wd/hub/session/744c2e25-5c6a-407f-8699-4978bf79afbe/element/9d99a02f-33e5-4f7e-b576-f6f9c1214e3d/click&amp#27;[39m
&amp#27;[35m[HTTP]&amp#27;[39m &amp#27;[90m{"id":"9d99a02f-33e5-4f7e-b576-f6f9c1214e3d"}&amp#27;[39m
[debug] &amp#27;[35m[W3C (744c2e25)]&amp#27;[39m Calling AppiumDriver.click() with args: ["9d99a02f-33e5-4f7e-b576-f6f9c1214e3d","744c2e25-5c6a-407f-8699-4978bf79afbe"]
[debug] &amp#27;[35m[WD Proxy]&amp#27;[39m Matched '/element/9d99a02f-33e5-4f7e-b576-f6f9c1214e3d/click' to command name 'click'
[debug] &amp#27;[35m[WD Proxy]&amp#27;[39m Proxying [POST /element/9d99a02f-33e5-4f7e-b576-f6f9c1214e3d/click] to [POST http://localhost:8200/wd/hub/session/c7417236-6e05-4245-880b-5c08efbb465b/element/9d99a02f-33e5-4f7e-b576-f6f9c1214e3d/click] with body: {"element":"9d99a02f-33e5-4f7e-b576-f6f9c1214e3d"}
[debug] &amp#27;[35m[WD Proxy]&amp#27;[39m Got response with status 200: {"sessionId":"c7417236-6e05-4245-880b-5c08efbb465b","value":null}
[debug] &amp#27;[35m[W3C (744c2e25)]&amp#27;[39m Responding to client with driver.click() result: null
&amp#27;[35m[HTTP]&amp#27;[39m &amp#27;[37m<-- POST /wd/hub/session/744c2e25-5c6a-407f-8699-4978bf79afbe/element/9d99a02f-33e5-4f7e-b576-f6f9c1214e3d/click &amp#27;[39m&amp#27;[32m200&amp#27;[39m &amp#27;[90m75 ms - 14&amp#27;[39m
&amp#27;[35m[HTTP]&amp#27;[39m &amp#27;[90m&amp#27;[39m
&amp#27;[35m[HTTP]&amp#27;[39m &amp#27;[37m-->&amp#27;[39m &amp#27;[37mGET&amp#27;[39m &amp#27;[37m/wd/hub/session/744c2e25-5c6a-407f-8699-4978bf79afbe/context&amp#27;[39m
&amp#27;[35m[HTTP]&amp#27;[39m &amp#27;[90m{}&amp#27;[39m
[debug] &amp#27;[35m[W3C (744c2e25)]&amp#27;[39m Calling AppiumDriver.getCurrentContext() with args: ["744c2e25-5c6a-407f-8699-4978bf79afbe"]
[debug] &amp#27;[35m[W3C (744c2e25)]&amp#27;[39m Responding to client with driver.getCurrentContext() result: "NATIVE_APP"
&amp#27;[35m[HTTP]&amp#27;[39m &amp#27;[37m<-- GET /wd/hub/session/744c2e25-5c6a-407f-8699-4978bf79afbe/context &amp#27;[39m&amp#27;[32m200&amp#27;[39m &amp#27;[90m5 ms - 22&amp#27;[39m
&amp#27;[35m[HTTP]&amp#27;[39m &amp#27;[90m&amp#27;[39m
&amp#27;[35m[HTTP]&amp#27;[39m &amp#27;[37m-->&amp#27;[39m &amp#27;[37mPOST&amp#27;[39m &amp#27;[37m/wd/hub/session/744c2e25-5c6a-407f-8699-4978bf79afbe/element&amp#27;[39m
&amp#27;[35m[HTTP]&amp#27;[39m &amp#27;[90m{"using":"xpath","value":"//android.widget.TextView[@text='apurvavinod88@gmail.com']"}&amp#27;[39m
[debug] &amp#27;[35m[W3C (744c2e25)]&amp#27;[39m Calling AppiumDriver.findElement() with args: ["xpath","//android.widget.TextView[@text='apurvavinod88@gmail.com']","744c2e25-5c6a-407f-8699-4978bf79afbe"]
[debug] &amp#27;[35m[BaseDriver]&amp#27;[39m Valid locator strategies for this request: xpath, id, class name, accessibility id, -android uiautomator
[debug] &amp#27;[35m[BaseDriver]&amp#27;[39m Waiting up to 20000 ms for condition
[debug] &amp#27;[35m[WD Proxy]&amp#27;[39m Matched '/element' to command name 'findElement'
[debug] &amp#27;[35m[WD Proxy]&amp#27;[39m Proxying [POST /element] to [POST http://localhost:8200/wd/hub/session/c7417236-6e05-4245-880b-5c08efbb465b/element] with body: {"strategy":"xpath","selector":"//android.widget.TextView[@text='apurvavinod88@gmail.com']","context":"","multiple":false}
&amp#27;[35m[WD Proxy]&amp#27;[39m Got an unexpected response with status 404: {"sessionId":"c7417236-6e05-4245-880b-5c08efbb465b","value":{"error":"no such element","message":"An element could not be located on the page using the given search parameters","stacktrace":"io.appium.uiautomator2.common.exceptions.ElementNotFoundException: An element could not be located on the page using the given search parameters\n\tat io.appium.uiautomator2.handler.FindElement.findElement(FindElement.java:102)\n\tat io.appium.uiautomator2.handler.FindElement.safeHandle(FindElement.java:72)\n\tat io.appium.uiautomator2.handler.request.SafeRequestHandler.handle(SafeRequestHandler.java:38)\n\tat io.appium.uiautomator2.server.AppiumServlet.handleRequest(AppiumServlet.java:252)\n\tat io.appium.uiautomator2.server.AppiumServlet.handleHttpRequest(AppiumServlet.java:242)\n\tat io.appium.uiautomator2.http.ServerHandler.channelRead(ServerHandler.java:44)\n\tat io.netty.channel.AbstractChannelHandlerContext.invokeChannelRead(AbstractChannelHandlerContext.java:366)\n\tat io.netty.channel.AbstractChannelHandlerCon...
[debug] &amp#27;[35m[W3C]&amp#27;[39m Matched W3C error code 'no such element' to NoSuchElementError
[debug] &amp#27;[35m[BaseDriver]&amp#27;[39m Waited for 678 ms so far
[debug] &amp#27;[35m[WD Proxy]&amp#27;[39m Matched '/element' to command name 'findElement'
[debug] &amp#27;[35m[WD Proxy]&amp#27;[39m Proxying [POST /element] to [POST http://localhost:8200/wd/hub/session/c7417236-6e05-4245-880b-5c08efbb465b/element] with body: {"strategy":"xpath","selector":"//android.widget.TextView[@text='apurvavinod88@gmail.com']","context":"","multiple":false}
[debug] &amp#27;[35m[WD Proxy]&amp#27;[39m Got response with status 200: {"sessionId":"c7417236-6e05-4245-880b-5c08efbb465b","value":{"ELEMENT":"7081cc79-94fc-4d46-bca9-faaf9339a254","element-6066-11e4-a52e-4f735466cecf":"7081cc79-94fc-4d46-bca9-faaf9339a254"}}
[debug] &amp#27;[35m[W3C (744c2e25)]&amp#27;[39m Responding to client with driver.findElement() result: {"element-6066-11e4-a52e-4f735466cecf":"7081cc79-94fc-4d46-bca9-faaf9339a254","ELEMENT":"7081cc79-94fc-4d46-bca9-faaf9339a254"}
&amp#27;[35m[HTTP]&amp#27;[39m &amp#27;[37m<-- POST /wd/hub/session/744c2e25-5c6a-407f-8699-4978bf79afbe/element &amp#27;[39m&amp#27;[32m200&amp#27;[39m &amp#27;[90m2454 ms - 137&amp#27;[39m
&amp#27;[35m[HTTP]&amp#27;[39m &amp#27;[90m&amp#27;[39m
&amp#27;[35m[HTTP]&amp#27;[39m &amp#27;[37m-->&amp#27;[39m &amp#27;[37mPOST&amp#27;[39m &amp#27;[37m/wd/hub/session/744c2e25-5c6a-407f-8699-4978bf79afbe/element/7081cc79-94fc-4d46-bca9-faaf9339a254/click&amp#27;[39m
&amp#27;[35m[HTTP]&amp#27;[39m &amp#27;[90m{"id":"7081cc79-94fc-4d46-bca9-faaf9339a254"}&amp#27;[39m
[debug] &amp#27;[35m[W3C (744c2e25)]&amp#27;[39m Calling AppiumDriver.click() with args: ["7081cc79-94fc-4d46-bca9-faaf9339a254","744c2e25-5c6a-407f-8699-4978bf79afbe"]
[debug] &amp#27;[35m[WD Proxy]&amp#27;[39m Matched '/element/7081cc79-94fc-4d46-bca9-faaf9339a254/click' to command name 'click'
[debug] &amp#27;[35m[WD Proxy]&amp#27;[39m Proxying [POST /element/7081cc79-94fc-4d46-bca9-faaf9339a254/click] to [POST http://localhost:8200/wd/hub/session/c7417236-6e05-4245-880b-5c08efbb465b/element/7081cc79-94fc-4d46-bca9-faaf9339a254/click] with body: {"element":"7081cc79-94fc-4d46-bca9-faaf9339a254"}
[debug] &amp#27;[35m[WD Proxy]&amp#27;[39m Got response with status 200: {"sessionId":"c7417236-6e05-4245-880b-5c08efbb465b","value":null}
[debug] &amp#27;[35m[W3C (744c2e25)]&amp#27;[39m Responding to client with driver.click() result: null
&amp#27;[35m[HTTP]&amp#27;[39m &amp#27;[37m<-- POST /wd/hub/session/744c2e25-5c6a-407f-8699-4978bf79afbe/element/7081cc79-94fc-4d46-bca9-faaf9339a254/click &amp#27;[39m&amp#27;[32m200&amp#27;[39m &amp#27;[90m71 ms - 14&amp#27;[39m
&amp#27;[35m[HTTP]&amp#27;[39m &amp#27;[90m&amp#27;[39m
  And user selects Log in with Google option and chooses Gmail Account    # stepDefinations.LoginFeature_TestSteps.user_selects_log_in_with_google_option()
&amp#27;[35m[HTTP]&amp#27;[39m &amp#27;[37m-->&amp#27;[39m &amp#27;[37mPOST&amp#27;[39m &amp#27;[37m/wd/hub/session/744c2e25-5c6a-407f-8699-4978bf79afbe/element&amp#27;[39m
&amp#27;[35m[HTTP]&amp#27;[39m &amp#27;[90m{"using":"xpath","value":"//android.widget.TextView[@text='Todayâ€™s Schedule']"}&amp#27;[39m
[debug] &amp#27;[35m[W3C (744c2e25)]&amp#27;[39m Calling AppiumDriver.findElement() with args: ["xpath","//android.widget.TextView[@text='Todayâ€™s Schedule']","744c2e25-5c6a-407f-8699-4978bf79afbe"]
[debug] &amp#27;[35m[BaseDriver]&amp#27;[39m Valid locator strategies for this request: xpath, id, class name, accessibility id, -android uiautomator
[debug] &amp#27;[35m[BaseDriver]&amp#27;[39m Waiting up to 20000 ms for condition
[debug] &amp#27;[35m[WD Proxy]&amp#27;[39m Matched '/element' to command name 'findElement'
[debug] &amp#27;[35m[WD Proxy]&amp#27;[39m Proxying [POST /element] to [POST http://localhost:8200/wd/hub/session/c7417236-6e05-4245-880b-5c08efbb465b/element] with body: {"strategy":"xpath","selector":"//android.widget.TextView[@text='Todayâ€™s Schedule']","context":"","multiple":false}
&amp#27;[35m[WD Proxy]&amp#27;[39m Got an unexpected response with status 404: {"sessionId":"c7417236-6e05-4245-880b-5c08efbb465b","value":{"error":"no such element","message":"An element could not be located on the page using the given search parameters","stacktrace":"io.appium.uiautomator2.common.exceptions.ElementNotFoundException: An element could not be located on the page using the given search parameters\n\tat io.appium.uiautomator2.handler.FindElement.findElement(FindElement.java:102)\n\tat io.appium.uiautomator2.handler.FindElement.safeHandle(FindElement.java:72)\n\tat io.appium.uiautomator2.handler.request.SafeRequestHandler.handle(SafeRequestHandler.java:38)\n\tat io.appium.uiautomator2.server.AppiumServlet.handleRequest(AppiumServlet.java:252)\n\tat io.appium.uiautomator2.server.AppiumServlet.handleHttpRequest(AppiumServlet.java:242)\n\tat io.appium.uiautomator2.http.ServerHandler.channelRead(ServerHandler.java:44)\n\tat io.netty.channel.AbstractChannelHandlerContext.invokeChannelRead(AbstractChannelHandlerContext.java:366)\n\tat io.netty.channel.AbstractChannelHandlerCon...
[debug] &amp#27;[35m[W3C]&amp#27;[39m Matched W3C error code 'no such element' to NoSuchElementError
[debug] &amp#27;[35m[BaseDriver]&amp#27;[39m Waited for 1168 ms so far
[debug] &amp#27;[35m[WD Proxy]&amp#27;[39m Matched '/element' to command name 'findElement'
[debug] &amp#27;[35m[WD Proxy]&amp#27;[39m Proxying [POST /element] to [POST http://localhost:8200/wd/hub/session/c7417236-6e05-4245-880b-5c08efbb465b/element] with body: {"strategy":"xpath","selector":"//android.widget.TextView[@text='Todayâ€™s Schedule']","context":"","multiple":false}
[debug] &amp#27;[35m[WD Proxy]&amp#27;[39m Got response with status 200: {"sessionId":"c7417236-6e05-4245-880b-5c08efbb465b","value":{"ELEMENT":"2522f60a-4b64-49aa-8284-9802aaf69d24","element-6066-11e4-a52e-4f735466cecf":"2522f60a-4b64-49aa-8284-9802aaf69d24"}}
[debug] &amp#27;[35m[W3C (744c2e25)]&amp#27;[39m Responding to client with driver.findElement() result: {"element-6066-11e4-a52e-4f735466cecf":"2522f60a-4b64-49aa-8284-9802aaf69d24","ELEMENT":"2522f60a-4b64-49aa-8284-9802aaf69d24"}
&amp#27;[35m[HTTP]&amp#27;[39m &amp#27;[37m<-- POST /wd/hub/session/744c2e25-5c6a-407f-8699-4978bf79afbe/element &amp#27;[39m&amp#27;[32m200&amp#27;[39m &amp#27;[90m5258 ms - 137&amp#27;[39m
&amp#27;[35m[HTTP]&amp#27;[39m &amp#27;[90m&amp#27;[39m
&amp#27;[35m[HTTP]&amp#27;[39m &amp#27;[37m-->&amp#27;[39m &amp#27;[37mGET&amp#27;[39m &amp#27;[37m/wd/hub/session/744c2e25-5c6a-407f-8699-4978bf79afbe/element/2522f60a-4b64-49aa-8284-9802aaf69d24/displayed&amp#27;[39m
&amp#27;[35m[HTTP]&amp#27;[39m &amp#27;[90m{}&amp#27;[39m
[debug] &amp#27;[35m[W3C (744c2e25)]&amp#27;[39m Calling AppiumDriver.elementDisplayed() with args: ["2522f60a-4b64-49aa-8284-9802aaf69d24","744c2e25-5c6a-407f-8699-4978bf79afbe"]
[debug] &amp#27;[35m[WD Proxy]&amp#27;[39m Matched '/element/2522f60a-4b64-49aa-8284-9802aaf69d24/attribute/displayed' to command name 'getAttribute'
[debug] &amp#27;[35m[WD Proxy]&amp#27;[39m Proxying [GET /element/2522f60a-4b64-49aa-8284-9802aaf69d24/attribute/displayed] to [GET http://localhost:8200/wd/hub/session/c7417236-6e05-4245-880b-5c08efbb465b/element/2522f60a-4b64-49aa-8284-9802aaf69d24/attribute/displayed] with body: {}
[debug] &amp#27;[35m[WD Proxy]&amp#27;[39m Got response with status 200: {"sessionId":"c7417236-6e05-4245-880b-5c08efbb465b","value":"true"}
[debug] &amp#27;[35m[W3C (744c2e25)]&amp#27;[39m Responding to client with driver.elementDisplayed() result: true
&amp#27;[35m[HTTP]&amp#27;[39m &amp#27;[37m<-- GET /wd/hub/session/744c2e25-5c6a-407f-8699-4978bf79afbe/element/2522f60a-4b64-49aa-8284-9802aaf69d24/displayed &amp#27;[39m&amp#27;[32m200&amp#27;[39m &amp#27;[90m1559 ms - 14&amp#27;[39m
&amp#27;[35m[HTTP]&amp#27;[39m &amp#27;[90m&amp#27;[39m
&amp#27;[35m[HTTP]&amp#27;[39m &amp#27;[37m-->&amp#27;[39m &amp#27;[37mGET&amp#27;[39m &amp#27;[37m/wd/hub/session/744c2e25-5c6a-407f-8699-4978bf79afbe/context&amp#27;[39m
&amp#27;[35m[HTTP]&amp#27;[39m &amp#27;[90m{}&amp#27;[39m
[debug] &amp#27;[35m[W3C (744c2e25)]&amp#27;[39m Calling AppiumDriver.getCurrentContext() with args: ["744c2e25-5c6a-407f-8699-4978bf79afbe"]
[debug] &amp#27;[35m[W3C (744c2e25)]&amp#27;[39m Responding to client with driver.getCurrentContext() result: "NATIVE_APP"
&amp#27;[35m[HTTP]&amp#27;[39m &amp#27;[37m<-- GET /wd/hub/session/744c2e25-5c6a-407f-8699-4978bf79afbe/context &amp#27;[39m&amp#27;[32m200&amp#27;[39m &amp#27;[90m10 ms - 22&amp#27;[39m
&amp#27;[35m[HTTP]&amp#27;[39m &amp#27;[90m&amp#27;[39m
&amp#27;[35m[HTTP]&amp#27;[39m &amp#27;[37m-->&amp#27;[39m &amp#27;[37mPOST&amp#27;[39m &amp#27;[37m/wd/hub/session/744c2e25-5c6a-407f-8699-4978bf79afbe/element&amp#27;[39m
&amp#27;[35m[HTTP]&amp#27;[39m &amp#27;[90m{"using":"xpath","value":"//android.widget.TextView[@text='Todayâ€™s Schedule']"}&amp#27;[39m
[debug] &amp#27;[35m[W3C (744c2e25)]&amp#27;[39m Calling AppiumDriver.findElement() with args: ["xpath","//android.widget.TextView[@text='Todayâ€™s Schedule']","744c2e25-5c6a-407f-8699-4978bf79afbe"]
[debug] &amp#27;[35m[BaseDriver]&amp#27;[39m Valid locator strategies for this request: xpath, id, class name, accessibility id, -android uiautomator
[debug] &amp#27;[35m[BaseDriver]&amp#27;[39m Waiting up to 20000 ms for condition
[debug] &amp#27;[35m[WD Proxy]&amp#27;[39m Matched '/element' to command name 'findElement'
[debug] &amp#27;[35m[WD Proxy]&amp#27;[39m Proxying [POST /element] to [POST http://localhost:8200/wd/hub/session/c7417236-6e05-4245-880b-5c08efbb465b/element] with body: {"strategy":"xpath","selector":"//android.widget.TextView[@text='Todayâ€™s Schedule']","context":"","multiple":false}
[debug] &amp#27;[35m[WD Proxy]&amp#27;[39m Got response with status 200: {"sessionId":"c7417236-6e05-4245-880b-5c08efbb465b","value":{"ELEMENT":"91f00dc2-6fdd-4f4b-a9ea-2fd32fad54eb","element-6066-11e4-a52e-4f735466cecf":"91f00dc2-6fdd-4f4b-a9ea-2fd32fad54eb"}}
[debug] &amp#27;[35m[W3C (744c2e25)]&amp#27;[39m Responding to client with driver.findElement() result: {"element-6066-11e4-a52e-4f735466cecf":"91f00dc2-6fdd-4f4b-a9ea-2fd32fad54eb","ELEMENT":"91f00dc2-6fdd-4f4b-a9ea-2fd32fad54eb"}
&amp#27;[35m[HTTP]&amp#27;[39m &amp#27;[37m<-- POST /wd/hub/session/744c2e25-5c6a-407f-8699-4978bf79afbe/element &amp#27;[39m&amp#27;[32m200&amp#27;[39m &amp#27;[90m697 ms - 137&amp#27;[39m
&amp#27;[35m[HTTP]&amp#27;[39m &amp#27;[90m&amp#27;[39m
&amp#27;[35m[HTTP]&amp#27;[39m &amp#27;[37m-->&amp#27;[39m &amp#27;[37mGET&amp#27;[39m &amp#27;[37m/wd/hub/session/744c2e25-5c6a-407f-8699-4978bf79afbe/element/91f00dc2-6fdd-4f4b-a9ea-2fd32fad54eb/displayed&amp#27;[39m
&amp#27;[35m[HTTP]&amp#27;[39m &amp#27;[90m{}&amp#27;[39m
[debug] &amp#27;[35m[W3C (744c2e25)]&amp#27;[39m Calling AppiumDriver.elementDisplayed() with args: ["91f00dc2-6fdd-4f4b-a9ea-2fd32fad54eb","744c2e25-5c6a-407f-8699-4978bf79afbe"]
[debug] &amp#27;[35m[WD Proxy]&amp#27;[39m Matched '/element/91f00dc2-6fdd-4f4b-a9ea-2fd32fad54eb/attribute/displayed' to command name 'getAttribute'
[debug] &amp#27;[35m[WD Proxy]&amp#27;[39m Proxying [GET /element/91f00dc2-6fdd-4f4b-a9ea-2fd32fad54eb/attribute/displayed] to [GET http://localhost:8200/wd/hub/session/c7417236-6e05-4245-880b-5c08efbb465b/element/91f00dc2-6fdd-4f4b-a9ea-2fd32fad54eb/attribute/displayed] with body: {}
[debug] &amp#27;[35m[WD Proxy]&amp#27;[39m Got response with status 200: {"sessionId":"c7417236-6e05-4245-880b-5c08efbb465b","value":"true"}
[debug] &amp#27;[35m[W3C (744c2e25)]&amp#27;[39m Responding to client with driver.elementDisplayed() result: true
&amp#27;[35m[HTTP]&amp#27;[39m &amp#27;[37m<-- GET /wd/hub/session/744c2e25-5c6a-407f-8699-4978bf79afbe/element/91f00dc2-6fdd-4f4b-a9ea-2fd32fad54eb/displayed &amp#27;[39m&amp#27;[32m200&amp#27;[39m &amp#27;[90m77 ms - 14&amp#27;[39m
&amp#27;[35m[HTTP]&amp#27;[39m &amp#27;[90m&amp#27;[39m
  Then user is on Todays Schedule screen                                  # stepDefinations.LoginFeature_TestSteps.user_is_on_todays_schedule_screen()
Am in after tear down
&amp#27;[35m[HTTP]&amp#27;[39m &amp#27;[37m-->&amp#27;[39m &amp#27;[37mDELETE&amp#27;[39m &amp#27;[37m/wd/hub/session/744c2e25-5c6a-407f-8699-4978bf79afbe&amp#27;[39m
&amp#27;[35m[HTTP]&amp#27;[39m &amp#27;[90m{}&amp#27;[39m
[debug] &amp#27;[35m[W3C (744c2e25)]&amp#27;[39m Calling AppiumDriver.deleteSession() with args: ["744c2e25-5c6a-407f-8699-4978bf79afbe"]
[debug] &amp#27;[35m[BaseDriver]&amp#27;[39m Event 'quitSessionRequested' logged at 1603362284850 (15:54:44 GMT+0530 (India Standard Time))
&amp#27;[35m[Appium]&amp#27;[39m Removing session 744c2e25-5c6a-407f-8699-4978bf79afbe from our master session list
[debug] &amp#27;[35m[UiAutomator2]&amp#27;[39m Deleting UiAutomator2 session
[debug] &amp#27;[35m[UiAutomator2]&amp#27;[39m Deleting UiAutomator2 server session
[debug] &amp#27;[35m[WD Proxy]&amp#27;[39m Matched '/' to command name 'deleteSession'
[debug] &amp#27;[35m[WD Proxy]&amp#27;[39m Proxying [DELETE /] to [DELETE http://localhost:8200/wd/hub/session/c7417236-6e05-4245-880b-5c08efbb465b] with no body
[debug] &amp#27;[35m[WD Proxy]&amp#27;[39m Got response with status 200: {"sessionId":"c7417236-6e05-4245-880b-5c08efbb465b","value":null}
[debug] &amp#27;[35m[ADB]&amp#27;[39m Running 'C:\Users\akshay.s\AppData\Local\Android\Sdk\platform-tools\adb.exe -P 5037 -s 67e0c2a5 shell am force-stop com.squats.fittr'
[debug] &amp#27;[35m[Logcat]&amp#27;[39m Stopping logcat capture
[debug] &amp#27;[35m[ADB]&amp#27;[39m Removing forwarded port socket connection: 8200 
[debug] &amp#27;[35m[ADB]&amp#27;[39m Running 'C:\Users\akshay.s\AppData\Local\Android\Sdk\platform-tools\adb.exe -P 5037 -s 67e0c2a5 forward --remove tcp\:8200'
&amp#27;[35m[UiAutomator2]&amp#27;[39m Restoring hidden api policy to the device default configuration
[debug] &amp#27;[35m[ADB]&amp#27;[39m Running 'C:\Users\akshay.s\AppData\Local\Android\Sdk\platform-tools\adb.exe -P 5037 -s 67e0c2a5 shell settings delete global hidden_api_policy_pre_p_apps'
[debug] &amp#27;[35m[ADB]&amp#27;[39m Running 'C:\Users\akshay.s\AppData\Local\Android\Sdk\platform-tools\adb.exe -P 5037 -s 67e0c2a5 shell settings delete global hidden_api_policy_p_apps'
[debug] &amp#27;[35m[Instrumentation]&amp#27;[39m .
[debug] &amp#27;[35m[ADB]&amp#27;[39m Running 'C:\Users\akshay.s\AppData\Local\Android\Sdk\platform-tools\adb.exe -P 5037 -s 67e0c2a5 shell settings delete global hidden_api_policy'
[debug] &amp#27;[35m[BaseDriver]&amp#27;[39m Event 'quitSessionFinished' logged at 1603362285475 (15:54:45 GMT+0530 (India Standard Time))
[debug] &amp#27;[35m[W3C (744c2e25)]&amp#27;[39m Received response: null
[debug] &amp#27;[35m[W3C (744c2e25)]&amp#27;[39m But deleting session, so not returning
[debug] &amp#27;[35m[W3C (744c2e25)]&amp#27;[39m Responding to client with driver.deleteSession() result: null
&amp#27;[35m[HTTP]&amp#27;[39m &amp#27;[37m<-- DELETE /wd/hub/session/744c2e25-5c6a-407f-8699-4978bf79afbe &amp#27;[39m&amp#27;[32m200&amp#27;[39m &amp#27;[90m628 ms - 14&amp#27;[39m
&amp#27;[35m[HTTP]&amp#27;[39m &amp#27;[90m&amp#27;[39m
closed
]]></system-out>
    <system-err><![CDATA[SLF4J: Failed to load class "org.slf4j.impl.StaticLoggerBinder".
SLF4J: Defaulting to no-operation (NOP) logger implementation
SLF4J: See http://www.slf4j.org/codes.html#StaticLoggerBinder for further details.
Oct 22, 2020 3:54:32 PM io.appium.java_client.remote.AppiumCommandExecutor$1 lambda$0
INFO: Detected dialect: W3C
]]></system-err>
  </testcase>
  <testcase name="runScenario[&quot;Fittr logout feature&quot;, &quot;Optional[Fittr app logout feature]&quot;](2)" classname="runner.Runner" time="36.268">
    <system-out><![CDATA[
Scenario: Fittr logout feature              # src/test/java/features/fittrlogout.feature:4
Am in before setup
----setup----
&amp#27;[35m[Appium]&amp#27;[39m Welcome to Appium v1.15.1
&amp#27;[35m[Appium]&amp#27;[39m Non-default server args:
&amp#27;[35m[Appium]&amp#27;[39m   logFile: D:\2.Learning_Paths\eclipse-workspace\testprojectAutomationTool\fittrapp\src\test\resources\logs\logs.txt
&amp#27;[35m[Appium]&amp#27;[39m   localTimezone: true
&amp#27;[35m[Appium]&amp#27;[39m Appium REST http interface listener started on 0.0.0.0:4723
&amp#27;[35m[HTTP]&amp#27;[39m &amp#27;[37m-->&amp#27;[39m &amp#27;[37mGET&amp#27;[39m &amp#27;[37m/wd/hub/status&amp#27;[39m
&amp#27;[35m[HTTP]&amp#27;[39m &amp#27;[90m{}&amp#27;[39m
[debug] &amp#27;[35m[GENERIC]&amp#27;[39m Calling AppiumDriver.getStatus() with args: []
[debug] &amp#27;[35m[GENERIC]&amp#27;[39m Responding to client with driver.getStatus() result: {"build":{"version":"1.15.1"}}
---------am in d1------------
&amp#27;[35m[HTTP]&amp#27;[39m &amp#27;[37m<-- GET /wd/hub/status &amp#27;[39m&amp#27;[32m200&amp#27;[39m &amp#27;[90m16 ms - 68&amp#27;[39m
&amp#27;[35m[HTTP]&amp#27;[39m &amp#27;[90m&amp#27;[39m
&amp#27;[35m[HTTP]&amp#27;[39m &amp#27;[37m-->&amp#27;[39m &amp#27;[37mPOST&amp#27;[39m &amp#27;[37m/wd/hub/session&amp#27;[39m
&amp#27;[35m[HTTP]&amp#27;[39m &amp#27;[90m{"desiredCapabilities":{"appActivity":".activity.SplashActivity","appPackage":"com.squats.fittr","platformName":"Android","deviceName":"Android","platformVersion":"10"},"capabilities":{"firstMatch":[{"appium:appActivity":".activity.SplashActivity","appium:appPackage":"com.squats.fittr","appium:deviceName":"Android","platformName":"android","appium:platformVersion":"10"}]}}&amp#27;[39m
[debug] &amp#27;[35m[W3C]&amp#27;[39m Calling AppiumDriver.createSession() with args: [{"appActivity":".activity.SplashActivity","appPackage":"com.squats.fittr","platformName":"Android","deviceName":"Android","platformVersion":"10"},null,{"firstMatch":[{"appium:appActivity":".activity.SplashActivity","appium:appPackage":"com.squats.fittr","appium:deviceName":"Android","platformName":"android","appium:platformVersion":"10"}]}]
[debug] &amp#27;[35m[BaseDriver]&amp#27;[39m Event 'newSessionRequested' logged at 1603362287891 (15:54:47 GMT+0530 (India Standard Time))
&amp#27;[35m[Appium]&amp#27;[39m 
&amp#27;[35m[Appium]&amp#27;[39m ======================================================================
&amp#27;[35m[Appium]&amp#27;[39m   DEPRECATION WARNING:
&amp#27;[35m[Appium]&amp#27;[39m 
&amp#27;[35m[Appium]&amp#27;[39m   The 'automationName' capability was not provided in the desired 
&amp#27;[35m[Appium]&amp#27;[39m   capabilities for this Android session
&amp#27;[35m[Appium]&amp#27;[39m 
&amp#27;[35m[Appium]&amp#27;[39m   Setting 'automationName=UiAutomator2' by default and using the 
&amp#27;[35m[Appium]&amp#27;[39m   UiAutomator2 Driver
&amp#27;[35m[Appium]&amp#27;[39m 
&amp#27;[35m[Appium]&amp#27;[39m   The next major version of Appium (2.x) will **require** the 
&amp#27;[35m[Appium]&amp#27;[39m   'automationName' capability to be set for all sessions on all 
&amp#27;[35m[Appium]&amp#27;[39m   platforms
&amp#27;[35m[Appium]&amp#27;[39m 
&amp#27;[35m[Appium]&amp#27;[39m   In previous versions (Appium <= 1.13.x), the default was 
&amp#27;[35m[Appium]&amp#27;[39m   'automationName=UiAutomator1'
&amp#27;[35m[Appium]&amp#27;[39m 
&amp#27;[35m[Appium]&amp#27;[39m   If you wish to use that automation instead of UiAutomator2, please 
&amp#27;[35m[Appium]&amp#27;[39m   add 'automationName=UiAutomator1' to your desired capabilities
&amp#27;[35m[Appium]&amp#27;[39m 
&amp#27;[35m[Appium]&amp#27;[39m   For more information about drivers, please visit 
&amp#27;[35m[Appium]&amp#27;[39m   http://appium.io/docs/en/about-appium/intro/ and explore the 
&amp#27;[35m[Appium]&amp#27;[39m   'Drivers' menu
&amp#27;[35m[Appium]&amp#27;[39m 
&amp#27;[35m[Appium]&amp#27;[39m ======================================================================
&amp#27;[35m[Appium]&amp#27;[39m 
&amp#27;[35m[Appium]&amp#27;[39m Appium v1.15.1 creating new AndroidUiautomator2Driver (v1.37.2) session
[debug] &amp#27;[35m[BaseDriver]&amp#27;[39m W3C capabilities and MJSONWP desired capabilities were provided
[debug] &amp#27;[35m[BaseDriver]&amp#27;[39m Creating session with W3C capabilities: {
[debug] &amp#27;[35m[BaseDriver]&amp#27;[39m   "alwaysMatch": {
[debug] &amp#27;[35m[BaseDriver]&amp#27;[39m     "platformName": "android",
[debug] &amp#27;[35m[BaseDriver]&amp#27;[39m     "appium:appActivity": ".activity.SplashActivity",
[debug] &amp#27;[35m[BaseDriver]&amp#27;[39m     "appium:appPackage": "com.squats.fittr",
[debug] &amp#27;[35m[BaseDriver]&amp#27;[39m     "appium:deviceName": "Android",
[debug] &amp#27;[35m[BaseDriver]&amp#27;[39m     "appium:platformVersion": "10"
[debug] &amp#27;[35m[BaseDriver]&amp#27;[39m   },
[debug] &amp#27;[35m[BaseDriver]&amp#27;[39m   "firstMatch": [
[debug] &amp#27;[35m[BaseDriver]&amp#27;[39m     {}
[debug] &amp#27;[35m[BaseDriver]&amp#27;[39m   ]
[debug] &amp#27;[35m[BaseDriver]&amp#27;[39m }
&amp#27;[35m[BaseDriver]&amp#27;[39m Session created with session id: 017470ca-82b9-4280-9a5e-90f0dab7bd2e
&amp#27;[35m[UiAutomator2]&amp#27;[39m Starting 'com.squats.fittr' directly on the device
&amp#27;[35m[ADB]&amp#27;[39m Found 2 'build-tools' folders under 'C:\Users\akshay.s\AppData\Local\Android\Sdk\' (newest first):
&amp#27;[35m[ADB]&amp#27;[39m     C:/Users/akshay.s/AppData/Local/Android/Sdk/build-tools/30.0.0-rc1
&amp#27;[35m[ADB]&amp#27;[39m     C:/Users/akshay.s/AppData/Local/Android/Sdk/build-tools/29.0.3
&amp#27;[35m[ADB]&amp#27;[39m Using 'adb.exe' from 'C:\Users\akshay.s\AppData\Local\Android\Sdk\platform-tools\adb.exe'
&amp#27;[35m[AndroidDriver]&amp#27;[39m Retrieving device list
[debug] &amp#27;[35m[ADB]&amp#27;[39m Trying to find a connected android device
[debug] &amp#27;[35m[ADB]&amp#27;[39m Getting connected devices...
[debug] &amp#27;[35m[ADB]&amp#27;[39m Connected devices: [{"udid":"67e0c2a5","state":"device"}]
&amp#27;[35m[AndroidDriver]&amp#27;[39m Looking for a device with Android '10'
[debug] &amp#27;[35m[ADB]&amp#27;[39m Setting device id to 67e0c2a5
&amp#27;[35m[ADB]&amp#27;[39m Getting device platform version
[debug] &amp#27;[35m[ADB]&amp#27;[39m Running 'C:\Users\akshay.s\AppData\Local\Android\Sdk\platform-tools\adb.exe -P 5037 -s 67e0c2a5 shell getprop ro.build.version.release'
[debug] &amp#27;[35m[ADB]&amp#27;[39m Current device property 'ro.build.version.release': 10
&amp#27;[35m[AndroidDriver]&amp#27;[39m Using device: 67e0c2a5
&amp#27;[35m[ADB]&amp#27;[39m Using 'adb.exe' from 'C:\Users\akshay.s\AppData\Local\Android\Sdk\platform-tools\adb.exe'
[debug] &amp#27;[35m[ADB]&amp#27;[39m Setting device id to 67e0c2a5
[debug] &amp#27;[35m[ADB]&amp#27;[39m Running 'C:\Users\akshay.s\AppData\Local\Android\Sdk\platform-tools\adb.exe -P 5037 -s 67e0c2a5 shell getprop ro.build.version.sdk'
[debug] &amp#27;[35m[ADB]&amp#27;[39m Current device property 'ro.build.version.sdk': 29
[debug] &amp#27;[35m[ADB]&amp#27;[39m Device API level: 29
&amp#27;[35m[UiAutomator2]&amp#27;[39m Relaxing hidden api policy
[debug] &amp#27;[35m[ADB]&amp#27;[39m Running 'C:\Users\akshay.s\AppData\Local\Android\Sdk\platform-tools\adb.exe -P 5037 -s 67e0c2a5 shell settings put global hidden_api_policy_pre_p_apps 1'
[debug] &amp#27;[35m[ADB]&amp#27;[39m Running 'C:\Users\akshay.s\AppData\Local\Android\Sdk\platform-tools\adb.exe -P 5037 -s 67e0c2a5 shell settings put global hidden_api_policy_p_apps 1'
[debug] &amp#27;[35m[ADB]&amp#27;[39m Running 'C:\Users\akshay.s\AppData\Local\Android\Sdk\platform-tools\adb.exe -P 5037 -s 67e0c2a5 shell settings put global hidden_api_policy 1'
&amp#27;[35m[AndroidDriver]&amp#27;[39m No app sent in, not parsing package/activity
[debug] &amp#27;[35m[ADB]&amp#27;[39m Running 'C:\Users\akshay.s\AppData\Local\Android\Sdk\platform-tools\adb.exe -P 5037 -s 67e0c2a5 wait-for-device'
[debug] &amp#27;[35m[ADB]&amp#27;[39m Running 'C:\Users\akshay.s\AppData\Local\Android\Sdk\platform-tools\adb.exe -P 5037 -s 67e0c2a5 shell echo ping'
[debug] &amp#27;[35m[AndroidDriver]&amp#27;[39m Pushing settings apk to device...
[debug] &amp#27;[35m[ADB]&amp#27;[39m Getting install status for io.appium.settings
[debug] &amp#27;[35m[ADB]&amp#27;[39m Running 'C:\Users\akshay.s\AppData\Local\Android\Sdk\platform-tools\adb.exe -P 5037 -s 67e0c2a5 shell dumpsys package io.appium.settings'
[debug] &amp#27;[35m[ADB]&amp#27;[39m 'io.appium.settings' is installed
[debug] &amp#27;[35m[ADB]&amp#27;[39m Getting package info for 'io.appium.settings'
[debug] &amp#27;[35m[ADB]&amp#27;[39m Running 'C:\Users\akshay.s\AppData\Local\Android\Sdk\platform-tools\adb.exe -P 5037 -s 67e0c2a5 shell dumpsys package io.appium.settings'
&amp#27;[35m[ADB]&amp#27;[39m Cannot extract apk info using apkanalyzer. Falling back to aapt. Original error: Could not find 'apkanalyzer.bat' in ["C:\\Users\\akshay.s\\AppData\\Local\\Android\\Sdk\\platform-tools\\apkanalyzer.bat","C:\\Users\\akshay.s\\AppData\\Local\\Android\\Sdk\\emulator\\apkanalyzer.bat","C:\\Users\\akshay.s\\AppData\\Local\\Android\\Sdk\\tools\\apkanalyzer.bat","C:\\Users\\akshay.s\\AppData\\Local\\Android\\Sdk\\tools\\bin\\apkanalyzer.bat","C:\\Users\\akshay.s\\AppData\\Local\\Android\\Sdk\\build-tools\\30.0.0-rc1\\apkanalyzer.bat","C:\\Users\\akshay.s\\AppData\\Local\\Android\\Sdk\\build-tools\\29.0.3\\apkanalyzer.bat"]. Do you have Android Build Tools installed at 'C:\Users\akshay.s\AppData\Local\Android\Sdk\'?
&amp#27;[35m[ADB]&amp#27;[39m Using 'aapt.exe' from 'C:\Users\akshay.s\AppData\Local\Android\Sdk\build-tools\30.0.0-rc1\aapt.exe'
[debug] &amp#27;[35m[ADB]&amp#27;[39m The version name of the installed 'io.appium.settings' is greater or equal to the application version name ('2.14.2' >= '2.14.2')
[debug] &amp#27;[35m[ADB]&amp#27;[39m There is no need to install/upgrade 'C:\Users\akshay.s\AppData\Local\Programs\Appium\resources\app\node_modules\appium\node_modules\io.appium.settings\apks\settings_apk-debug.apk'
[debug] &amp#27;[35m[ADB]&amp#27;[39m Getting IDs of all 'io.appium.settings' processes
[debug] &amp#27;[35m[ADB]&amp#27;[39m Running 'C:\Users\akshay.s\AppData\Local\Android\Sdk\platform-tools\adb.exe -P 5037 -s 67e0c2a5 shell 'pgrep --help; echo $?''
[debug] &amp#27;[35m[ADB]&amp#27;[39m Running 'C:\Users\akshay.s\AppData\Local\Android\Sdk\platform-tools\adb.exe -P 5037 -s 67e0c2a5 shell pgrep -f io\\.appium\\.settings'
[debug] &amp#27;[35m[AndroidDriver]&amp#27;[39m io.appium.settings is already running. There is no need to reset its permissions.
[debug] &amp#27;[35m[ADB]&amp#27;[39m Running 'C:\Users\akshay.s\AppData\Local\Android\Sdk\platform-tools\adb.exe -P 5037 -s 67e0c2a5 shell appops set io.appium.settings android\:mock_location allow'
[debug] &amp#27;[35m[Logcat]&amp#27;[39m Starting logcat capture
[debug] &amp#27;[35m[ADB]&amp#27;[39m Getting install status for io.appium.uiautomator2.server
[debug] &amp#27;[35m[ADB]&amp#27;[39m Running 'C:\Users\akshay.s\AppData\Local\Android\Sdk\platform-tools\adb.exe -P 5037 -s 67e0c2a5 shell dumpsys package io.appium.uiautomator2.server'
[debug] &amp#27;[35m[ADB]&amp#27;[39m 'io.appium.uiautomator2.server' is installed
[debug] &amp#27;[35m[ADB]&amp#27;[39m Getting package info for 'io.appium.uiautomator2.server'
[debug] &amp#27;[35m[ADB]&amp#27;[39m Running 'C:\Users\akshay.s\AppData\Local\Android\Sdk\platform-tools\adb.exe -P 5037 -s 67e0c2a5 shell dumpsys package io.appium.uiautomator2.server'
&amp#27;[35m[ADB]&amp#27;[39m Cannot extract apk info using apkanalyzer. Falling back to aapt. Original error: Could not find 'apkanalyzer.bat' in ["C:\\Users\\akshay.s\\AppData\\Local\\Android\\Sdk\\platform-tools\\apkanalyzer.bat","C:\\Users\\akshay.s\\AppData\\Local\\Android\\Sdk\\emulator\\apkanalyzer.bat","C:\\Users\\akshay.s\\AppData\\Local\\Android\\Sdk\\tools\\apkanalyzer.bat","C:\\Users\\akshay.s\\AppData\\Local\\Android\\Sdk\\tools\\bin\\apkanalyzer.bat","C:\\Users\\akshay.s\\AppData\\Local\\Android\\Sdk\\build-tools\\30.0.0-rc1\\apkanalyzer.bat","C:\\Users\\akshay.s\\AppData\\Local\\Android\\Sdk\\build-tools\\29.0.3\\apkanalyzer.bat"]. Do you have Android Build Tools installed at 'C:\Users\akshay.s\AppData\Local\Android\Sdk\'?
[debug] &amp#27;[35m[ADB]&amp#27;[39m The version name of the installed 'io.appium.uiautomator2.server' is greater or equal to the application version name ('4.3.0' >= '4.3.0')
[debug] &amp#27;[35m[UiAutomator2]&amp#27;[39m io.appium.uiautomator2.server installation state: sameVersionInstalled
[debug] &amp#27;[35m[ADB]&amp#27;[39m Checking app cert for C:\Users\akshay.s\AppData\Local\Programs\Appium\resources\app\node_modules\appium\node_modules\appium-uiautomator2-server\apks\appium-uiautomator2-server-v4.3.0.apk
&amp#27;[35m[ADB]&amp#27;[39m Using 'apksigner.bat' from 'C:\Users\akshay.s\AppData\Local\Android\Sdk\build-tools\30.0.0-rc1\apksigner.bat'
[debug] &amp#27;[35m[ADB]&amp#27;[39m Starting 'C:\Users\akshay.s\AppData\Local\Android\Sdk\build-tools\30.0.0-rc1\apksigner.bat' with args '["verify","--print-certs","C:\\Users\\akshay.s\\AppData\\Local\\Programs\\Appium\\resources\\app\\node_modules\\appium\\node_modules\\appium-uiautomator2-server\\apks\\appium-uiautomator2-server-v4.3.0.apk"]'
&amp#27;[35m[ADB]&amp#27;[39m Got an error during apksigner execution: Command 'apksigner.bat verify --print-certs C:\\Users\\akshay.s\\AppData\\Local\\Programs\\Appium\\resources\\app\\node_modules\\appium\\node_modules\\appium-uiautomator2-server\\apks\\appium-uiautomator2-server-v4.3.0.apk' exited with code 1
&amp#27;[35m[ADB]&amp#27;[39m apksigner stderr: java.lang.UnsupportedClassVersionError: com/android/apksigner/ApkSignerTool has been compiled by a more recent version of the Java Runtime (class file version 53.0), this version of the Java Runtime only recognizes class file versions up to 52.0
&amp#27;[35m[ADB]&amp#27;[39m 	at java.lang.ClassLoader.defineClass1(Native Method)
&amp#27;[35m[ADB]&amp#27;[39m 	at java.lang.ClassLoader.defineClass(Unknown Source)
&amp#27;[35m[ADB]&amp#27;[39m 	at java.security.SecureClassLoader.defineClass(Unknown Source)
&amp#27;[35m[ADB]&amp#27;[39m 	at java.net.URLClassLoader.defineClass(Unknown Source)
&amp#27;[35m[ADB]&amp#27;[39m 	at java.net.URLClassLoader.access$100(Unknown Source)
&amp#27;[35m[ADB]&amp#27;[39m 	at java.net.URLClassLoader$1.run(Unknown Source)
&amp#27;[35m[ADB]&amp#27;[39m 	at java.net.URLClassLoader$1.run(Unknown Source)
&amp#27;[35m[ADB]&amp#27;[39m 	at java.security.AccessController.doPrivileged(Native Method)
&amp#27;[35m[ADB]&amp#27;[39m 	at java.net.URLClassLoader.findClass(Unknown Source)
&amp#27;[35m[ADB]&amp#27;[39m 	at java.lang.ClassLoader.loadClass(Unknown Source)
&amp#27;[35m[ADB]&amp#27;[39m 	at sun.misc.Launcher$AppClassLoader.loadClass(Unknown Source)
&amp#27;[35m[ADB]&amp#27;[39m 	at java.lang.ClassLoader.loadClass(Unknown Source)
&amp#27;[35m[ADB]&amp#27;[39m 	at sun.launcher.LauncherHelper.checkAndLoadMain(Unknown Source)
&amp#27;[35m[ADB]&amp#27;[39m Error: A JNI error has occurred, please check your installation and try again
&amp#27;[35m[ADB]&amp#27;[39m Exception in thread "main" 
&amp#27;[35m[ADB]&amp#27;[39m Cannot use apksigner tool for signature verification. Original error: Command 'apksigner.bat verify --print-certs C:\\Users\\akshay.s\\AppData\\Local\\Programs\\Appium\\resources\\app\\node_modules\\appium\\node_modules\\appium-uiautomator2-server\\apks\\appium-uiautomator2-server-v4.3.0.apk' exited with code 1
[debug] &amp#27;[35m[ADB]&amp#27;[39m Defaulting to verify.jar
[debug] &amp#27;[35m[ADB]&amp#27;[39m 'C:\Users\akshay.s\AppData\Local\Programs\Appium\resources\app\node_modules\appium\node_modules\appium-uiautomator2-server\apks\appium-uiautomator2-server-v4.3.0.apk' is already signed.
[debug] &amp#27;[35m[ADB]&amp#27;[39m Getting install status for io.appium.uiautomator2.server.test
[debug] &amp#27;[35m[ADB]&amp#27;[39m Running 'C:\Users\akshay.s\AppData\Local\Android\Sdk\platform-tools\adb.exe -P 5037 -s 67e0c2a5 shell dumpsys package io.appium.uiautomator2.server.test'
[debug] &amp#27;[35m[ADB]&amp#27;[39m 'io.appium.uiautomator2.server.test' is installed
[debug] &amp#27;[35m[ADB]&amp#27;[39m Checking app cert for C:\Users\akshay.s\AppData\Local\Programs\Appium\resources\app\node_modules\appium\node_modules\appium-uiautomator2-server\apks\appium-uiautomator2-server-debug-androidTest.apk
[debug] &amp#27;[35m[ADB]&amp#27;[39m Starting 'C:\Users\akshay.s\AppData\Local\Android\Sdk\build-tools\30.0.0-rc1\apksigner.bat' with args '["verify","--print-certs","C:\\Users\\akshay.s\\AppData\\Local\\Programs\\Appium\\resources\\app\\node_modules\\appium\\node_modules\\appium-uiautomator2-server\\apks\\appium-uiautomator2-server-debug-androidTest.apk"]'
&amp#27;[35m[ADB]&amp#27;[39m Got an error during apksigner execution: Command 'apksigner.bat verify --print-certs C:\\Users\\akshay.s\\AppData\\Local\\Programs\\Appium\\resources\\app\\node_modules\\appium\\node_modules\\appium-uiautomator2-server\\apks\\appium-uiautomator2-server-debug-androidTest.apk' exited with code 1
&amp#27;[35m[ADB]&amp#27;[39m apksigner stderr: java.lang.UnsupportedClassVersionError: com/android/apksigner/ApkSignerTool has been compiled by a more recent version of the Java Runtime (class file version 53.0), this version of the Java Runtime only recognizes class file versions up to 52.0
&amp#27;[35m[ADB]&amp#27;[39m 	at java.lang.ClassLoader.defineClass1(Native Method)
&amp#27;[35m[ADB]&amp#27;[39m 	at java.lang.ClassLoader.defineClass(Unknown Source)
&amp#27;[35m[ADB]&amp#27;[39m 	at java.security.SecureClassLoader.defineClass(Unknown Source)
&amp#27;[35m[ADB]&amp#27;[39m 	at java.net.URLClassLoader.defineClass(Unknown Source)
&amp#27;[35m[ADB]&amp#27;[39m 	at java.net.URLClassLoader.access$100(Unknown Source)
&amp#27;[35m[ADB]&amp#27;[39m 	at java.net.URLClassLoader$1.run(Unknown Source)
&amp#27;[35m[ADB]&amp#27;[39m 	at java.net.URLClassLoader$1.run(Unknown Source)
&amp#27;[35m[ADB]&amp#27;[39m 	at java.security.AccessController.doPrivileged(Native Method)
&amp#27;[35m[ADB]&amp#27;[39m 	at java.net.URLClassLoader.findClass(Unknown Source)
&amp#27;[35m[ADB]&amp#27;[39m 	at java.lang.ClassLoader.loadClass(Unknown Source)
&amp#27;[35m[ADB]&amp#27;[39m 	at sun.misc.Launcher$AppClassLoader.loadClass(Unknown Source)
&amp#27;[35m[ADB]&amp#27;[39m 	at java.lang.ClassLoader.loadClass(Unknown Source)
&amp#27;[35m[ADB]&amp#27;[39m 	at sun.launcher.LauncherHelper.checkAndLoadMain(Unknown Source)
&amp#27;[35m[ADB]&amp#27;[39m Error: A JNI error has occurred, please check your installation and try again
&amp#27;[35m[ADB]&amp#27;[39m Exception in thread "main" 
&amp#27;[35m[ADB]&amp#27;[39m Cannot use apksigner tool for signature verification. Original error: Command 'apksigner.bat verify --print-certs C:\\Users\\akshay.s\\AppData\\Local\\Programs\\Appium\\resources\\app\\node_modules\\appium\\node_modules\\appium-uiautomator2-server\\apks\\appium-uiautomator2-server-debug-androidTest.apk' exited with code 1
[debug] &amp#27;[35m[ADB]&amp#27;[39m Defaulting to verify.jar
[debug] &amp#27;[35m[ADB]&amp#27;[39m 'C:\Users\akshay.s\AppData\Local\Programs\Appium\resources\app\node_modules\appium\node_modules\appium-uiautomator2-server\apks\appium-uiautomator2-server-debug-androidTest.apk' is already signed.
&amp#27;[35m[UiAutomator2]&amp#27;[39m Server packages are not going to be (re)installed
[debug] &amp#27;[35m[UiAutomator2]&amp#27;[39m Waiting up to 30000ms for services to be available
[debug] &amp#27;[35m[ADB]&amp#27;[39m Running 'C:\Users\akshay.s\AppData\Local\Android\Sdk\platform-tools\adb.exe -P 5037 -s 67e0c2a5 shell pm list instrumentation'
[debug] &amp#27;[35m[UiAutomator2]&amp#27;[39m Instrumentation target 'io.appium.uiautomator2.server.test/androidx.test.runner.AndroidJUnitRunner' is available
[debug] &amp#27;[35m[UiAutomator2]&amp#27;[39m Forwarding UiAutomator2 Server port 6790 to 8200
[debug] &amp#27;[35m[ADB]&amp#27;[39m Forwarding system: 8200 to device: 6790
[debug] &amp#27;[35m[ADB]&amp#27;[39m Running 'C:\Users\akshay.s\AppData\Local\Android\Sdk\platform-tools\adb.exe -P 5037 -s 67e0c2a5 forward tcp\:8200 tcp\:6790'
[debug] &amp#27;[35m[UiAutomator2]&amp#27;[39m No app capability. Assuming it is already on the device
[debug] &amp#27;[35m[ADB]&amp#27;[39m Getting install status for com.squats.fittr
[debug] &amp#27;[35m[ADB]&amp#27;[39m Running 'C:\Users\akshay.s\AppData\Local\Android\Sdk\platform-tools\adb.exe -P 5037 -s 67e0c2a5 shell dumpsys package com.squats.fittr'
[debug] &amp#27;[35m[ADB]&amp#27;[39m 'com.squats.fittr' is installed
[debug] &amp#27;[35m[ADB]&amp#27;[39m Running 'C:\Users\akshay.s\AppData\Local\Android\Sdk\platform-tools\adb.exe -P 5037 -s 67e0c2a5 shell am force-stop com.squats.fittr'
[debug] &amp#27;[35m[ADB]&amp#27;[39m Running 'C:\Users\akshay.s\AppData\Local\Android\Sdk\platform-tools\adb.exe -P 5037 -s 67e0c2a5 shell pm clear com.squats.fittr'
[debug] &amp#27;[35m[AndroidDriver]&amp#27;[39m Performed fast reset on the installed 'com.squats.fittr' application (stop and clear)
[debug] &amp#27;[35m[UiAutomator2]&amp#27;[39m Performing shallow cleanup of automation leftovers
[debug] &amp#27;[35m[UiAutomator2]&amp#27;[39m No obsolete sessions have been detected (Error: socket hang up)
[debug] &amp#27;[35m[ADB]&amp#27;[39m Running 'C:\Users\akshay.s\AppData\Local\Android\Sdk\platform-tools\adb.exe -P 5037 -s 67e0c2a5 shell am force-stop io.appium.uiautomator2.server.test'
&amp#27;[35m[UiAutomator2]&amp#27;[39m Starting UIAutomator2 server 4.3.0
&amp#27;[35m[UiAutomator2]&amp#27;[39m Using UIAutomator2 server from 'C:\Users\akshay.s\AppData\Local\Programs\Appium\resources\app\node_modules\appium\node_modules\appium-uiautomator2-server\apks\appium-uiautomator2-server-v4.3.0.apk' and test from 'C:\Users\akshay.s\AppData\Local\Programs\Appium\resources\app\node_modules\appium\node_modules\appium-uiautomator2-server\apks\appium-uiautomator2-server-debug-androidTest.apk'
&amp#27;[35m[UiAutomator2]&amp#27;[39m Waiting up to 30000ms for UiAutomator2 to be online...
[debug] &amp#27;[35m[ADB]&amp#27;[39m Creating ADB subprocess with args: ["-P",5037,"-s","67e0c2a5","shell","am","instrument","-w","io.appium.uiautomator2.server.test/androidx.test.runner.AndroidJUnitRunner"]
[debug] &amp#27;[35m[WD Proxy]&amp#27;[39m Matched '/status' to command name 'getStatus'
[debug] &amp#27;[35m[WD Proxy]&amp#27;[39m Proxying [GET /status] to [GET http://localhost:8200/wd/hub/status] with no body
&amp#27;[35m[WD Proxy]&amp#27;[39m Got an unexpected response with status undefined: {"code":"ECONNRESET"}
[debug] &amp#27;[35m[Instrumentation]&amp#27;[39m io.appium.uiautomator2.server.test.AppiumUiAutomator2Server:
[debug] &amp#27;[35m[WD Proxy]&amp#27;[39m Matched '/status' to command name 'getStatus'
[debug] &amp#27;[35m[WD Proxy]&amp#27;[39m Proxying [GET /status] to [GET http://localhost:8200/wd/hub/status] with no body
&amp#27;[35m[WD Proxy]&amp#27;[39m Got an unexpected response with status undefined: {"code":"ECONNRESET"}
[debug] &amp#27;[35m[WD Proxy]&amp#27;[39m Matched '/status' to command name 'getStatus'
[debug] &amp#27;[35m[WD Proxy]&amp#27;[39m Proxying [GET /status] to [GET http://localhost:8200/wd/hub/status] with no body
[debug] &amp#27;[35m[WD Proxy]&amp#27;[39m Got response with status 200: {"sessionId":"None","value":{"ready":true,"message":"UiAutomator2 Server is ready to accept commands"}}
[debug] &amp#27;[35m[UiAutomator2]&amp#27;[39m The initialization of the instrumentation process took 3161ms
[debug] &amp#27;[35m[WD Proxy]&amp#27;[39m Matched '/session' to command name 'createSession'
[debug] &amp#27;[35m[WD Proxy]&amp#27;[39m Proxying [POST /session] to [POST http://localhost:8200/wd/hub/session] with body: {"capabilities":{"firstMatch":[{"platform":"LINUX","webStorageEnabled":false,"takesScreenshot":true,"javascriptEnabled":true,"databaseEnabled":false,"networkConnectionEnabled":true,"locationContextEnabled":false,"warnings":{},"desired":{"platformName":"android","appActivity":".activity.SplashActivity","appPackage":"com.squats.fittr","deviceName":"Android","platformVersion":"10"},"platformName":"android","appActivity":".activity.SplashActivity","appPackage":"com.squats.fittr","deviceName":"67e0c2a5","platformVersion":"10","deviceUDID":"67e0c2a5"}],"alwaysMatch":{}}}
[debug] &amp#27;[35m[WD Proxy]&amp#27;[39m Got response with status 200: {"sessionId":"534ae067-eac9-45e8-a987-5a827674e4d1","value":{"sessionId":"534ae067-eac9-45e8-a987-5a827674e4d1","capabilities":{"firstMatch":[{"platform":"LINUX","webStorageEnabled":false,"takesScreenshot":true,"javascriptEnabled":true,"databaseEnabled":false,"networkConnectionEnabled":true,"locationContextEnabled":false,"warnings":{},"desired":{"platformName":"android","appActivity":".activity.SplashActivity","appPackage":"com.squats.fittr","deviceName":"Android","platformVersion":"10"},"platformName":"android","appActivity":".activity.SplashActivity","appPackage":"com.squats.fittr","deviceName":"67e0c2a5","platformVersion":"10","deviceUDID":"67e0c2a5"}],"alwaysMatch":{}}}}
&amp#27;[35m[WD Proxy]&amp#27;[39m Determined the downstream protocol as 'W3C'
[debug] &amp#27;[35m[WD Proxy]&amp#27;[39m Proxying [GET /appium/device/info] to [GET http://localhost:8200/wd/hub/session/534ae067-eac9-45e8-a987-5a827674e4d1/appium/device/info] with no body
[debug] &amp#27;[35m[WD Proxy]&amp#27;[39m Got response with status 200: {"sessionId":"534ae067-eac9-45e8-a987-5a827674e4d1","value":{"androidId":"99f4940f5a346402","manufacturer":"Sonimtech","model":"XP8800","brand":"Sonim","apiVersion":"29","platformVersion":"10","carrierName":"","realDisplaySize":"1080x1920","displayDensity":480,"networks":[{"type":1,"typeName":"WIFI","subtype":0,"subtypeName":"","isConnected":true,"detailedState":"CONNECTED","state":"CONNECTED","extraInfo":null,"isAvailable":true,"isFailover":false,"isRoaming":false,"capabilities":{"transportTypes":"NET_CAPABILITY_SUPL","networkCapabilities":"","linkUpstreamBandwidthKbps":1048576,"linkDownBandwidthKbps":1048576,"signalStrength":-53,"networkSpecifier":null,"SSID":null}}],"locale":"en_IN","timeZone":"Asia\/Kolkata"}}
[debug] &amp#27;[35m[ADB]&amp#27;[39m Running 'C:\Users\akshay.s\AppData\Local\Android\Sdk\platform-tools\adb.exe -P 5037 -s 67e0c2a5 shell dumpsys window'
&amp#27;[35m[AndroidDriver]&amp#27;[39m Screen already unlocked, doing nothing
&amp#27;[35m[UiAutomator2]&amp#27;[39m Starting 'com.squats.fittr/.activity.SplashActivity and waiting for 'com.squats.fittr/.activity.SplashActivity'
[debug] &amp#27;[35m[ADB]&amp#27;[39m Running 'C:\Users\akshay.s\AppData\Local\Android\Sdk\platform-tools\adb.exe -P 5037 -s 67e0c2a5 shell am start -W -n com.squats.fittr/.activity.SplashActivity -S -a android.intent.action.MAIN -c android.intent.category.LAUNCHER -f 0x10200000'
[debug] &amp#27;[35m[WD Proxy]&amp#27;[39m Proxying [GET /appium/device/pixel_ratio] to [GET http://localhost:8200/wd/hub/session/534ae067-eac9-45e8-a987-5a827674e4d1/appium/device/pixel_ratio] with body: {}
[debug] &amp#27;[35m[WD Proxy]&amp#27;[39m Got response with status 200: {"sessionId":"534ae067-eac9-45e8-a987-5a827674e4d1","value":3}
[debug] &amp#27;[35m[WD Proxy]&amp#27;[39m Matched '/appium/device/system_bars' to command name 'getSystemBars'
[debug] &amp#27;[35m[WD Proxy]&amp#27;[39m Proxying [GET /appium/device/system_bars] to [GET http://localhost:8200/wd/hub/session/534ae067-eac9-45e8-a987-5a827674e4d1/appium/device/system_bars] with body: {}
[debug] &amp#27;[35m[WD Proxy]&amp#27;[39m Got response with status 200: {"sessionId":"534ae067-eac9-45e8-a987-5a827674e4d1","value":{"statusBar":72}}
[debug] &amp#27;[35m[WD Proxy]&amp#27;[39m Matched '/window/current/size' to command name 'getWindowSize'
[debug] &amp#27;[35m[WD Proxy]&amp#27;[39m Proxying [GET /window/current/size] to [GET http://localhost:8200/wd/hub/session/534ae067-eac9-45e8-a987-5a827674e4d1/window/current/size] with body: {}
[debug] &amp#27;[35m[WD Proxy]&amp#27;[39m Got response with status 200: {"sessionId":"534ae067-eac9-45e8-a987-5a827674e4d1","value":{"height":1920,"width":1080}}
&amp#27;[35m[Appium]&amp#27;[39m New AndroidUiautomator2Driver session created successfully, session 017470ca-82b9-4280-9a5e-90f0dab7bd2e added to master session list
[debug] &amp#27;[35m[BaseDriver]&amp#27;[39m Event 'newSessionStarted' logged at 1603362304526 (15:55:04 GMT+0530 (India Standard Time))
[debug] &amp#27;[35m[W3C (017470ca)]&amp#27;[39m Cached the protocol value 'W3C' for the new session 017470ca-82b9-4280-9a5e-90f0dab7bd2e
[debug] &amp#27;[35m[W3C (017470ca)]&amp#27;[39m Responding to client with driver.createSession() result: {"capabilities":{"platform":"LINUX","webStorageEnabled":false,"takesScreenshot":true,"javascriptEnabled":true,"databaseEnabled":false,"networkConnectionEnabled":true,"locationContextEnabled":false,"warnings":{},"desired":{"platformName":"android","appActivity":".activity.SplashActivity","appPackage":"com.squats.fittr","deviceName":"Android","platformVersion":"10"},"platformName":"android","appActivity":".activity.SplashActivity","appPackage":"com.squats.fittr","deviceName":"67e0c2a5","platformVersion":"10","deviceUDID":"67e0c2a5","deviceApiLevel":29,"deviceScreenSize":"1080x1920","deviceScreenDensity":480,"deviceModel":"XP8800","deviceManufacturer":"Sonimtech","pixelRatio":3,"statBarHeight":72,"viewportRect":{"left":0,"top":72,"width":1080,"height":1848}}}
&amp#27;[35m[HTTP]&amp#27;[39m &amp#27;[37m<-- POST /wd/hub/session &amp#27;[39m&amp#27;[32m200&amp#27;[39m &amp#27;[90m16670 ms - 827&amp#27;[39m
&amp#27;[35m[HTTP]&amp#27;[39m &amp#27;[90m&amp#27;[39m
---------am in d2-----
&amp#27;[35m[HTTP]&amp#27;[39m &amp#27;[37m-->&amp#27;[39m &amp#27;[37mPOST&amp#27;[39m &amp#27;[37m/wd/hub/session/017470ca-82b9-4280-9a5e-90f0dab7bd2e/timeouts&amp#27;[39m
&amp#27;[35m[HTTP]&amp#27;[39m &amp#27;[90m{"implicit":20000}&amp#27;[39m
[debug] &amp#27;[35m[W3C (017470ca)]&amp#27;[39m Calling AppiumDriver.timeouts() with args: [null,null,null,null,20000,"017470ca-82b9-4280-9a5e-90f0dab7bd2e"]
[debug] &amp#27;[35m[BaseDriver]&amp#27;[39m W3C timeout argument: {"implicit":20000}}
[debug] &amp#27;[35m[BaseDriver]&amp#27;[39m Set implicit wait to 20000ms
[debug] &amp#27;[35m[W3C (017470ca)]&amp#27;[39m Responding to client with driver.timeouts() result: null
&amp#27;[35m[HTTP]&amp#27;[39m &amp#27;[37m<-- POST /wd/hub/session/017470ca-82b9-4280-9a5e-90f0dab7bd2e/timeouts &amp#27;[39m&amp#27;[32m200&amp#27;[39m &amp#27;[90m53 ms - 14&amp#27;[39m
&amp#27;[35m[HTTP]&amp#27;[39m &amp#27;[90m&amp#27;[39m
open
&amp#27;[35m[HTTP]&amp#27;[39m &amp#27;[37m-->&amp#27;[39m &amp#27;[37mGET&amp#27;[39m &amp#27;[37m/wd/hub/session/017470ca-82b9-4280-9a5e-90f0dab7bd2e/context&amp#27;[39m
&amp#27;[35m[HTTP]&amp#27;[39m &amp#27;[90m{}&amp#27;[39m
[debug] &amp#27;[35m[W3C (017470ca)]&amp#27;[39m Calling AppiumDriver.getCurrentContext() with args: ["017470ca-82b9-4280-9a5e-90f0dab7bd2e"]
[debug] &amp#27;[35m[W3C (017470ca)]&amp#27;[39m Responding to client with driver.getCurrentContext() result: "NATIVE_APP"
&amp#27;[35m[HTTP]&amp#27;[39m &amp#27;[37m<-- GET /wd/hub/session/017470ca-82b9-4280-9a5e-90f0dab7bd2e/context &amp#27;[39m&amp#27;[32m200&amp#27;[39m &amp#27;[90m16 ms - 22&amp#27;[39m
&amp#27;[35m[HTTP]&amp#27;[39m &amp#27;[90m&amp#27;[39m
&amp#27;[35m[HTTP]&amp#27;[39m &amp#27;[37m-->&amp#27;[39m &amp#27;[37mPOST&amp#27;[39m &amp#27;[37m/wd/hub/session/017470ca-82b9-4280-9a5e-90f0dab7bd2e/element&amp#27;[39m
&amp#27;[35m[HTTP]&amp#27;[39m &amp#27;[90m{"using":"id","value":"com.squats.fittr:id/left_button_layout"}&amp#27;[39m
[debug] &amp#27;[35m[W3C (017470ca)]&amp#27;[39m Calling AppiumDriver.findElement() with args: ["id","com.squats.fittr:id/left_button_layout","017470ca-82b9-4280-9a5e-90f0dab7bd2e"]
[debug] &amp#27;[35m[BaseDriver]&amp#27;[39m Valid locator strategies for this request: xpath, id, class name, accessibility id, -android uiautomator
[debug] &amp#27;[35m[BaseDriver]&amp#27;[39m Waiting up to 20000 ms for condition
[debug] &amp#27;[35m[WD Proxy]&amp#27;[39m Matched '/element' to command name 'findElement'
[debug] &amp#27;[35m[WD Proxy]&amp#27;[39m Proxying [POST /element] to [POST http://localhost:8200/wd/hub/session/534ae067-eac9-45e8-a987-5a827674e4d1/element] with body: {"strategy":"id","selector":"com.squats.fittr:id/left_button_layout","context":"","multiple":false}
[debug] &amp#27;[35m[WD Proxy]&amp#27;[39m Got response with status 200: {"sessionId":"534ae067-eac9-45e8-a987-5a827674e4d1","value":{"ELEMENT":"d2ecbbe1-8474-4f19-b0ff-6b24b849565e","element-6066-11e4-a52e-4f735466cecf":"d2ecbbe1-8474-4f19-b0ff-6b24b849565e"}}
[debug] &amp#27;[35m[W3C (017470ca)]&amp#27;[39m Responding to client with driver.findElement() result: {"element-6066-11e4-a52e-4f735466cecf":"d2ecbbe1-8474-4f19-b0ff-6b24b849565e","ELEMENT":"d2ecbbe1-8474-4f19-b0ff-6b24b849565e"}
&amp#27;[35m[HTTP]&amp#27;[39m &amp#27;[37m<-- POST /wd/hub/session/017470ca-82b9-4280-9a5e-90f0dab7bd2e/element &amp#27;[39m&amp#27;[32m200&amp#27;[39m &amp#27;[90m3112 ms - 137&amp#27;[39m
&amp#27;[35m[HTTP]&amp#27;[39m &amp#27;[90m&amp#27;[39m
&amp#27;[35m[HTTP]&amp#27;[39m &amp#27;[37m-->&amp#27;[39m &amp#27;[37mPOST&amp#27;[39m &amp#27;[37m/wd/hub/session/017470ca-82b9-4280-9a5e-90f0dab7bd2e/element/d2ecbbe1-8474-4f19-b0ff-6b24b849565e/click&amp#27;[39m
&amp#27;[35m[HTTP]&amp#27;[39m &amp#27;[90m{"id":"d2ecbbe1-8474-4f19-b0ff-6b24b849565e"}&amp#27;[39m
[debug] &amp#27;[35m[W3C (017470ca)]&amp#27;[39m Calling AppiumDriver.click() with args: ["d2ecbbe1-8474-4f19-b0ff-6b24b849565e","017470ca-82b9-4280-9a5e-90f0dab7bd2e"]
[debug] &amp#27;[35m[WD Proxy]&amp#27;[39m Matched '/element/d2ecbbe1-8474-4f19-b0ff-6b24b849565e/click' to command name 'click'
[debug] &amp#27;[35m[WD Proxy]&amp#27;[39m Proxying [POST /element/d2ecbbe1-8474-4f19-b0ff-6b24b849565e/click] to [POST http://localhost:8200/wd/hub/session/534ae067-eac9-45e8-a987-5a827674e4d1/element/d2ecbbe1-8474-4f19-b0ff-6b24b849565e/click] with body: {"element":"d2ecbbe1-8474-4f19-b0ff-6b24b849565e"}
[debug] &amp#27;[35m[WD Proxy]&amp#27;[39m Got response with status 200: {"sessionId":"534ae067-eac9-45e8-a987-5a827674e4d1","value":null}
[debug] &amp#27;[35m[W3C (017470ca)]&amp#27;[39m Responding to client with driver.click() result: null
&amp#27;[35m[HTTP]&amp#27;[39m &amp#27;[37m<-- POST /wd/hub/session/017470ca-82b9-4280-9a5e-90f0dab7bd2e/element/d2ecbbe1-8474-4f19-b0ff-6b24b849565e/click &amp#27;[39m&amp#27;[32m200&amp#27;[39m &amp#27;[90m1289 ms - 14&amp#27;[39m
  When user clicks on Hamburger menu        # stepDefinations.LogoutFeature_TestSteps.user_clicks_on_hamburger_menu()
&amp#27;[35m[HTTP]&amp#27;[39m &amp#27;[90m&amp#27;[39m
&amp#27;[35m[HTTP]&amp#27;[39m &amp#27;[37m-->&amp#27;[39m &amp#27;[37mGET&amp#27;[39m &amp#27;[37m/wd/hub/session/017470ca-82b9-4280-9a5e-90f0dab7bd2e/context&amp#27;[39m
&amp#27;[35m[HTTP]&amp#27;[39m &amp#27;[90m{}&amp#27;[39m
[debug] &amp#27;[35m[W3C (017470ca)]&amp#27;[39m Calling AppiumDriver.getCurrentContext() with args: ["017470ca-82b9-4280-9a5e-90f0dab7bd2e"]
[debug] &amp#27;[35m[W3C (017470ca)]&amp#27;[39m Responding to client with driver.getCurrentContext() result: "NATIVE_APP"
&amp#27;[35m[HTTP]&amp#27;[39m &amp#27;[37m<-- GET /wd/hub/session/017470ca-82b9-4280-9a5e-90f0dab7bd2e/context &amp#27;[39m&amp#27;[32m200&amp#27;[39m &amp#27;[90m18 ms - 22&amp#27;[39m
&amp#27;[35m[HTTP]&amp#27;[39m &amp#27;[90m&amp#27;[39m
&amp#27;[35m[HTTP]&amp#27;[39m &amp#27;[37m-->&amp#27;[39m &amp#27;[37mPOST&amp#27;[39m &amp#27;[37m/wd/hub/session/017470ca-82b9-4280-9a5e-90f0dab7bd2e/element&amp#27;[39m
&amp#27;[35m[HTTP]&amp#27;[39m &amp#27;[90m{"using":"id","value":"com.squats.fittr:id/logout"}&amp#27;[39m
[debug] &amp#27;[35m[W3C (017470ca)]&amp#27;[39m Calling AppiumDriver.findElement() with args: ["id","com.squats.fittr:id/logout","017470ca-82b9-4280-9a5e-90f0dab7bd2e"]
[debug] &amp#27;[35m[BaseDriver]&amp#27;[39m Valid locator strategies for this request: xpath, id, class name, accessibility id, -android uiautomator
[debug] &amp#27;[35m[BaseDriver]&amp#27;[39m Waiting up to 20000 ms for condition
[debug] &amp#27;[35m[WD Proxy]&amp#27;[39m Matched '/element' to command name 'findElement'
[debug] &amp#27;[35m[WD Proxy]&amp#27;[39m Proxying [POST /element] to [POST http://localhost:8200/wd/hub/session/534ae067-eac9-45e8-a987-5a827674e4d1/element] with body: {"strategy":"id","selector":"com.squats.fittr:id/logout","context":"","multiple":false}
[debug] &amp#27;[35m[WD Proxy]&amp#27;[39m Got response with status 200: {"sessionId":"534ae067-eac9-45e8-a987-5a827674e4d1","value":{"ELEMENT":"018bcfcd-82b3-4e67-91e1-9953c795603f","element-6066-11e4-a52e-4f735466cecf":"018bcfcd-82b3-4e67-91e1-9953c795603f"}}
[debug] &amp#27;[35m[W3C (017470ca)]&amp#27;[39m Responding to client with driver.findElement() result: {"element-6066-11e4-a52e-4f735466cecf":"018bcfcd-82b3-4e67-91e1-9953c795603f","ELEMENT":"018bcfcd-82b3-4e67-91e1-9953c795603f"}
&amp#27;[35m[HTTP]&amp#27;[39m &amp#27;[37m<-- POST /wd/hub/session/017470ca-82b9-4280-9a5e-90f0dab7bd2e/element &amp#27;[39m&amp#27;[32m200&amp#27;[39m &amp#27;[90m1016 ms - 137&amp#27;[39m
&amp#27;[35m[HTTP]&amp#27;[39m &amp#27;[90m&amp#27;[39m
&amp#27;[35m[HTTP]&amp#27;[39m &amp#27;[37m-->&amp#27;[39m &amp#27;[37mPOST&amp#27;[39m &amp#27;[37m/wd/hub/session/017470ca-82b9-4280-9a5e-90f0dab7bd2e/element/018bcfcd-82b3-4e67-91e1-9953c795603f/click&amp#27;[39m
&amp#27;[35m[HTTP]&amp#27;[39m &amp#27;[90m{"id":"018bcfcd-82b3-4e67-91e1-9953c795603f"}&amp#27;[39m
[debug] &amp#27;[35m[W3C (017470ca)]&amp#27;[39m Calling AppiumDriver.click() with args: ["018bcfcd-82b3-4e67-91e1-9953c795603f","017470ca-82b9-4280-9a5e-90f0dab7bd2e"]
[debug] &amp#27;[35m[WD Proxy]&amp#27;[39m Matched '/element/018bcfcd-82b3-4e67-91e1-9953c795603f/click' to command name 'click'
[debug] &amp#27;[35m[WD Proxy]&amp#27;[39m Proxying [POST /element/018bcfcd-82b3-4e67-91e1-9953c795603f/click] to [POST http://localhost:8200/wd/hub/session/534ae067-eac9-45e8-a987-5a827674e4d1/element/018bcfcd-82b3-4e67-91e1-9953c795603f/click] with body: {"element":"018bcfcd-82b3-4e67-91e1-9953c795603f"}
[debug] &amp#27;[35m[WD Proxy]&amp#27;[39m Got response with status 200: {"sessionId":"534ae067-eac9-45e8-a987-5a827674e4d1","value":null}
[debug] &amp#27;[35m[W3C (017470ca)]&amp#27;[39m Responding to client with driver.click() result: null
&amp#27;[35m[HTTP]&amp#27;[39m &amp#27;[37m<-- POST /wd/hub/session/017470ca-82b9-4280-9a5e-90f0dab7bd2e/element/018bcfcd-82b3-4e67-91e1-9953c795603f/click &amp#27;[39m&amp#27;[32m200&amp#27;[39m &amp#27;[90m69 ms - 14&amp#27;[39m
&amp#27;[35m[HTTP]&amp#27;[39m &amp#27;[90m&amp#27;[39m
&amp#27;[35m[HTTP]&amp#27;[39m &amp#27;[37m-->&amp#27;[39m &amp#27;[37mGET&amp#27;[39m &amp#27;[37m/wd/hub/session/017470ca-82b9-4280-9a5e-90f0dab7bd2e/context&amp#27;[39m
&amp#27;[35m[HTTP]&amp#27;[39m &amp#27;[90m{}&amp#27;[39m
[debug] &amp#27;[35m[W3C (017470ca)]&amp#27;[39m Calling AppiumDriver.getCurrentContext() with args: ["017470ca-82b9-4280-9a5e-90f0dab7bd2e"]
[debug] &amp#27;[35m[W3C (017470ca)]&amp#27;[39m Responding to client with driver.getCurrentContext() result: "NATIVE_APP"
&amp#27;[35m[HTTP]&amp#27;[39m &amp#27;[37m<-- GET /wd/hub/session/017470ca-82b9-4280-9a5e-90f0dab7bd2e/context &amp#27;[39m&amp#27;[32m200&amp#27;[39m &amp#27;[90m4 ms - 22&amp#27;[39m
&amp#27;[35m[HTTP]&amp#27;[39m &amp#27;[90m&amp#27;[39m
&amp#27;[35m[HTTP]&amp#27;[39m &amp#27;[37m-->&amp#27;[39m &amp#27;[37mPOST&amp#27;[39m &amp#27;[37m/wd/hub/session/017470ca-82b9-4280-9a5e-90f0dab7bd2e/element&amp#27;[39m
&amp#27;[35m[HTTP]&amp#27;[39m &amp#27;[90m{"using":"xpath","value":"//android.widget.TextView[@text='To proceed further, please login']"}&amp#27;[39m
[debug] &amp#27;[35m[W3C (017470ca)]&amp#27;[39m Calling AppiumDriver.findElement() with args: ["xpath","//android.widget.TextView[@text='To proceed further, please login']","017470ca-82b9-4280-9a5e-90f0dab7bd2e"]
[debug] &amp#27;[35m[BaseDriver]&amp#27;[39m Valid locator strategies for this request: xpath, id, class name, accessibility id, -android uiautomator
[debug] &amp#27;[35m[BaseDriver]&amp#27;[39m Waiting up to 20000 ms for condition
[debug] &amp#27;[35m[WD Proxy]&amp#27;[39m Matched '/element' to command name 'findElement'
[debug] &amp#27;[35m[WD Proxy]&amp#27;[39m Proxying [POST /element] to [POST http://localhost:8200/wd/hub/session/534ae067-eac9-45e8-a987-5a827674e4d1/element] with body: {"strategy":"xpath","selector":"//android.widget.TextView[@text='To proceed further, please login']","context":"","multiple":false}
[debug] &amp#27;[35m[WD Proxy]&amp#27;[39m Got response with status 200: {"sessionId":"534ae067-eac9-45e8-a987-5a827674e4d1","value":{"ELEMENT":"f9cc1d23-4448-47b2-b795-999137c39562","element-6066-11e4-a52e-4f735466cecf":"f9cc1d23-4448-47b2-b795-999137c39562"}}
[debug] &amp#27;[35m[W3C (017470ca)]&amp#27;[39m Responding to client with driver.findElement() result: {"element-6066-11e4-a52e-4f735466cecf":"f9cc1d23-4448-47b2-b795-999137c39562","ELEMENT":"f9cc1d23-4448-47b2-b795-999137c39562"}
&amp#27;[35m[HTTP]&amp#27;[39m &amp#27;[37m<-- POST /wd/hub/session/017470ca-82b9-4280-9a5e-90f0dab7bd2e/element &amp#27;[39m&amp#27;[32m200&amp#27;[39m &amp#27;[90m1360 ms - 137&amp#27;[39m
&amp#27;[35m[HTTP]&amp#27;[39m &amp#27;[90m&amp#27;[39m
&amp#27;[35m[HTTP]&amp#27;[39m &amp#27;[37m-->&amp#27;[39m &amp#27;[37mGET&amp#27;[39m &amp#27;[37m/wd/hub/session/017470ca-82b9-4280-9a5e-90f0dab7bd2e/element/f9cc1d23-4448-47b2-b795-999137c39562/text&amp#27;[39m
&amp#27;[35m[HTTP]&amp#27;[39m &amp#27;[90m{}&amp#27;[39m
&amp#27;[35m[W3C (017470ca)]&amp#27;[39m Driver proxy active, passing request on via HTTP proxy
[debug] &amp#27;[35m[WD Proxy]&amp#27;[39m Matched '/wd/hub/session/017470ca-82b9-4280-9a5e-90f0dab7bd2e/element/f9cc1d23-4448-47b2-b795-999137c39562/text' to command name 'getText'
[debug] &amp#27;[35m[WD Proxy]&amp#27;[39m Proxying [GET /wd/hub/session/017470ca-82b9-4280-9a5e-90f0dab7bd2e/element/f9cc1d23-4448-47b2-b795-999137c39562/text] to [GET http://localhost:8200/wd/hub/session/534ae067-eac9-45e8-a987-5a827674e4d1/element/f9cc1d23-4448-47b2-b795-999137c39562/text] with body: {}
[debug] &amp#27;[35m[WD Proxy]&amp#27;[39m Got response with status 200: {"sessionId":"534ae067-eac9-45e8-a987-5a827674e4d1","value":"To proceed further, please login"}
&amp#27;[35m[WD Proxy]&amp#27;[39m Replacing sessionId 534ae067-eac9-45e8-a987-5a827674e4d1 with 017470ca-82b9-4280-9a5e-90f0dab7bd2e
  And user clicks on logout option          # stepDefinations.LogoutFeature_TestSteps.user_clicks_on_logout_option()
&amp#27;[35m[HTTP]&amp#27;[39m &amp#27;[37m<-- GET /wd/hub/session/017470ca-82b9-4280-9a5e-90f0dab7bd2e/element/f9cc1d23-4448-47b2-b795-999137c39562/text &amp#27;[39m&amp#27;[32m200&amp#27;[39m &amp#27;[90m268 ms - 95&amp#27;[39m
&amp#27;[35m[HTTP]&amp#27;[39m &amp#27;[90m&amp#27;[39m
&amp#27;[35m[HTTP]&amp#27;[39m &amp#27;[37m-->&amp#27;[39m &amp#27;[37mGET&amp#27;[39m &amp#27;[37m/wd/hub/session/017470ca-82b9-4280-9a5e-90f0dab7bd2e/context&amp#27;[39m
&amp#27;[35m[HTTP]&amp#27;[39m &amp#27;[90m{}&amp#27;[39m
[debug] &amp#27;[35m[W3C (017470ca)]&amp#27;[39m Calling AppiumDriver.getCurrentContext() with args: ["017470ca-82b9-4280-9a5e-90f0dab7bd2e"]
[debug] &amp#27;[35m[W3C (017470ca)]&amp#27;[39m Responding to client with driver.getCurrentContext() result: "NATIVE_APP"
&amp#27;[35m[HTTP]&amp#27;[39m &amp#27;[37m<-- GET /wd/hub/session/017470ca-82b9-4280-9a5e-90f0dab7bd2e/context &amp#27;[39m&amp#27;[32m200&amp#27;[39m &amp#27;[90m4 ms - 22&amp#27;[39m
&amp#27;[35m[HTTP]&amp#27;[39m &amp#27;[90m&amp#27;[39m
&amp#27;[35m[HTTP]&amp#27;[39m &amp#27;[37m-->&amp#27;[39m &amp#27;[37mPOST&amp#27;[39m &amp#27;[37m/wd/hub/session/017470ca-82b9-4280-9a5e-90f0dab7bd2e/element&amp#27;[39m
&amp#27;[35m[HTTP]&amp#27;[39m &amp#27;[90m{"using":"xpath","value":"//android.widget.TextView[@text='To proceed further, please login']"}&amp#27;[39m
[debug] &amp#27;[35m[W3C (017470ca)]&amp#27;[39m Calling AppiumDriver.findElement() with args: ["xpath","//android.widget.TextView[@text='To proceed further, please login']","017470ca-82b9-4280-9a5e-90f0dab7bd2e"]
[debug] &amp#27;[35m[BaseDriver]&amp#27;[39m Valid locator strategies for this request: xpath, id, class name, accessibility id, -android uiautomator
[debug] &amp#27;[35m[BaseDriver]&amp#27;[39m Waiting up to 20000 ms for condition
[debug] &amp#27;[35m[WD Proxy]&amp#27;[39m Matched '/element' to command name 'findElement'
[debug] &amp#27;[35m[WD Proxy]&amp#27;[39m Proxying [POST /element] to [POST http://localhost:8200/wd/hub/session/534ae067-eac9-45e8-a987-5a827674e4d1/element] with body: {"strategy":"xpath","selector":"//android.widget.TextView[@text='To proceed further, please login']","context":"","multiple":false}
[debug] &amp#27;[35m[WD Proxy]&amp#27;[39m Got response with status 200: {"sessionId":"534ae067-eac9-45e8-a987-5a827674e4d1","value":{"ELEMENT":"5f559aa6-3daf-4b5c-b026-a16fcfa872f0","element-6066-11e4-a52e-4f735466cecf":"5f559aa6-3daf-4b5c-b026-a16fcfa872f0"}}
[debug] &amp#27;[35m[W3C (017470ca)]&amp#27;[39m Responding to client with driver.findElement() result: {"element-6066-11e4-a52e-4f735466cecf":"5f559aa6-3daf-4b5c-b026-a16fcfa872f0","ELEMENT":"5f559aa6-3daf-4b5c-b026-a16fcfa872f0"}
&amp#27;[35m[HTTP]&amp#27;[39m &amp#27;[37m<-- POST /wd/hub/session/017470ca-82b9-4280-9a5e-90f0dab7bd2e/element &amp#27;[39m&amp#27;[32m200&amp#27;[39m &amp#27;[90m197 ms - 137&amp#27;[39m
&amp#27;[35m[HTTP]&amp#27;[39m &amp#27;[90m&amp#27;[39m
&amp#27;[35m[HTTP]&amp#27;[39m &amp#27;[37m-->&amp#27;[39m &amp#27;[37mGET&amp#27;[39m &amp#27;[37m/wd/hub/session/017470ca-82b9-4280-9a5e-90f0dab7bd2e/element/5f559aa6-3daf-4b5c-b026-a16fcfa872f0/text&amp#27;[39m
&amp#27;[35m[HTTP]&amp#27;[39m &amp#27;[90m{}&amp#27;[39m
&amp#27;[35m[W3C (017470ca)]&amp#27;[39m Driver proxy active, passing request on via HTTP proxy
[debug] &amp#27;[35m[WD Proxy]&amp#27;[39m Matched '/wd/hub/session/017470ca-82b9-4280-9a5e-90f0dab7bd2e/element/5f559aa6-3daf-4b5c-b026-a16fcfa872f0/text' to command name 'getText'
[debug] &amp#27;[35m[WD Proxy]&amp#27;[39m Proxying [GET /wd/hub/session/017470ca-82b9-4280-9a5e-90f0dab7bd2e/element/5f559aa6-3daf-4b5c-b026-a16fcfa872f0/text] to [GET http://localhost:8200/wd/hub/session/534ae067-eac9-45e8-a987-5a827674e4d1/element/5f559aa6-3daf-4b5c-b026-a16fcfa872f0/text] with body: {}
[debug] &amp#27;[35m[WD Proxy]&amp#27;[39m Got response with status 200: {"sessionId":"534ae067-eac9-45e8-a987-5a827674e4d1","value":"To proceed further, please login"}
&amp#27;[35m[WD Proxy]&amp#27;[39m Replacing sessionId 534ae067-eac9-45e8-a987-5a827674e4d1 with 017470ca-82b9-4280-9a5e-90f0dab7bd2e
  Then user is on proceed to further screen # stepDefinations.LogoutFeature_TestSteps.user_is_on_proceed_to_further_screen()
&amp#27;[35m[HTTP]&amp#27;[39m &amp#27;[37m<-- GET /wd/hub/session/017470ca-82b9-4280-9a5e-90f0dab7bd2e/element/5f559aa6-3daf-4b5c-b026-a16fcfa872f0/text &amp#27;[39m&amp#27;[32m200&amp#27;[39m &amp#27;[90m37 ms - 95&amp#27;[39m
&amp#27;[35m[HTTP]&amp#27;[39m &amp#27;[90m&amp#27;[39m
Am in after tear down
&amp#27;[35m[HTTP]&amp#27;[39m &amp#27;[37m-->&amp#27;[39m &amp#27;[37mDELETE&amp#27;[39m &amp#27;[37m/wd/hub/session/017470ca-82b9-4280-9a5e-90f0dab7bd2e&amp#27;[39m
&amp#27;[35m[HTTP]&amp#27;[39m &amp#27;[90m{}&amp#27;[39m
[debug] &amp#27;[35m[W3C (017470ca)]&amp#27;[39m Calling AppiumDriver.deleteSession() with args: ["017470ca-82b9-4280-9a5e-90f0dab7bd2e"]
[debug] &amp#27;[35m[BaseDriver]&amp#27;[39m Event 'quitSessionRequested' logged at 1603362321159 (15:55:21 GMT+0530 (India Standard Time))
&amp#27;[35m[Appium]&amp#27;[39m Removing session 017470ca-82b9-4280-9a5e-90f0dab7bd2e from our master session list
[debug] &amp#27;[35m[UiAutomator2]&amp#27;[39m Deleting UiAutomator2 session
[debug] &amp#27;[35m[UiAutomator2]&amp#27;[39m Deleting UiAutomator2 server session
[debug] &amp#27;[35m[WD Proxy]&amp#27;[39m Matched '/' to command name 'deleteSession'
[debug] &amp#27;[35m[WD Proxy]&amp#27;[39m Proxying [DELETE /] to [DELETE http://localhost:8200/wd/hub/session/534ae067-eac9-45e8-a987-5a827674e4d1] with no body
[debug] &amp#27;[35m[WD Proxy]&amp#27;[39m Got response with status 200: {"sessionId":"534ae067-eac9-45e8-a987-5a827674e4d1","value":null}
[debug] &amp#27;[35m[ADB]&amp#27;[39m Running 'C:\Users\akshay.s\AppData\Local\Android\Sdk\platform-tools\adb.exe -P 5037 -s 67e0c2a5 shell am force-stop com.squats.fittr'
[debug] &amp#27;[35m[Logcat]&amp#27;[39m Stopping logcat capture
[debug] &amp#27;[35m[ADB]&amp#27;[39m Removing forwarded port socket connection: 8200 
[debug] &amp#27;[35m[ADB]&amp#27;[39m Running 'C:\Users\akshay.s\AppData\Local\Android\Sdk\platform-tools\adb.exe -P 5037 -s 67e0c2a5 forward --remove tcp\:8200'
&amp#27;[35m[UiAutomator2]&amp#27;[39m Restoring hidden api policy to the device default configuration
[debug] &amp#27;[35m[ADB]&amp#27;[39m Running 'C:\Users\akshay.s\AppData\Local\Android\Sdk\platform-tools\adb.exe -P 5037 -s 67e0c2a5 shell settings delete global hidden_api_policy_pre_p_apps'
[debug] &amp#27;[35m[ADB]&amp#27;[39m Running 'C:\Users\akshay.s\AppData\Local\Android\Sdk\platform-tools\adb.exe -P 5037 -s 67e0c2a5 shell settings delete global hidden_api_policy_p_apps'
[debug] &amp#27;[35m[ADB]&amp#27;[39m Running 'C:\Users\akshay.s\AppData\Local\Android\Sdk\platform-tools\adb.exe -P 5037 -s 67e0c2a5 shell settings delete global hidden_api_policy'
[debug] &amp#27;[35m[BaseDriver]&amp#27;[39m Event 'quitSessionFinished' logged at 1603362321773 (15:55:21 GMT+0530 (India Standard Time))
[debug] &amp#27;[35m[W3C (017470ca)]&amp#27;[39m Received response: null
[debug] &amp#27;[35m[W3C (017470ca)]&amp#27;[39m But deleting session, so not returning
[debug] &amp#27;[35m[W3C (017470ca)]&amp#27;[39m Responding to client with driver.deleteSession() result: null
&amp#27;[35m[HTTP]&amp#27;[39m &amp#27;[37m<-- DELETE /wd/hub/session/017470ca-82b9-4280-9a5e-90f0dab7bd2e &amp#27;[39m&amp#27;[32m200&amp#27;[39m &amp#27;[90m620 ms - 14&amp#27;[39m
closed
]]></system-out>
    <system-err><![CDATA[Oct 22, 2020 3:55:04 PM io.appium.java_client.remote.AppiumCommandExecutor$1 lambda$0
INFO: Detected dialect: W3C
]]></system-err>
  </testcase>
</testsuite>