<?xml version="1.0" encoding="UTF-8"?>
<!-- Generated by org.testng.reporters.JUnitReportReporter -->
<testsuite hostname="sidcluc349" failures="0" tests="2" name="runner.Runner" time="90.936" errors="0" timestamp="2020-10-22T15:55:24 IST" skipped="0">
  <testcase classname="runner.Runner" name="runScenario" time="54.656"/>
  <system-out/>
  <testcase classname="runner.Runner" name="runScenario" time="36.280"/>
  <system-out/>
</testsuite> <!-- runner.Runner -->
