<?xml version="1.0" encoding="UTF-8"?>
<!-- Generated by org.testng.reporters.JUnitReportReporter -->
<testsuite hostname="sidcluc349" failures="0" tests="1" name="com.qa.test.GETTestApi" time="0.922" errors="0" timestamp="2020-11-18T14:37:25 IST" skipped="0">
  <testcase classname="com.qa.test.GETTestApi" name="test" time="0.922"/>
  <system-out/>
</testsuite> <!-- com.qa.test.GETTestApi -->
