<?xml version="1.0" encoding="UTF-8"?>
<!-- Generated by org.testng.reporters.JUnitReportReporter -->
<testsuite hostname="sidcluc349" failures="0" tests="1" name="rough.Testing" time="0.008" errors="0" timestamp="2020-09-03T15:32:03 IST" skipped="0">
  <testcase classname="rough.Testing" name="testRough" time="0.008"/>
  <system-out/>
</testsuite> <!-- rough.Testing -->
